<?xml version="1.0" encoding="UTF-8"?>
<testsuite xmlns:xsi="http://www.w3.org/2001/XMLSchema-instance" xsi:noNamespaceSchemaLocation="https://maven.apache.org/surefire/maven-surefire-plugin/xsd/surefire-test-report-3.0.xsd" version="3.0" name="com.transtreme.framework.runners.TestRunner" time="19.795" tests="1" errors="0" skipped="0" failures="0">
  <properties>
[...]
</properties>
  <testcase name="runScenario[&quot;Successful login to dashboard&quot;, &quot;Login to Transtreme_stage&quot;](1)" classname="com.transtreme.framework.runners.TestRunner" time="17.345">
    <system-out><![CDATA[
Scenario: Successful login to dashboard                                    # src/test/resources/features/Login.feature:3
  Given the user is on the Transtreme login page                           # com.transtreme.framework.stepdefinitions.LoginSteps.the_user_is_on_the_transtreme_login_page()
  When the user enters email "matesteg0@gmail.com" and password "12345678" # com.transtreme.framework.stepdefinitions.LoginSteps.the_user_enters_email_and_password(java.lang.String,java.lang.String)
  And clicks the Sign In button                                            # com.transtreme.framework.stepdefinitions.LoginSteps.clicks_the_sign_in_button()
  And enters OTP "123456"                                                  # com.transtreme.framework.stepdefinitions.LoginSteps.enters_otp(java.lang.String)
  And clicks the Submit button                                             # com.transtreme.framework.stepdefinitions.LoginSteps.clicks_the_submit_button()
  Then the user should land on the dashboard                               # com.transtreme.framework.stepdefinitions.LoginSteps.the_user_should_land_on_the_dashboard()
  And the user clicks the Logout button                                    # com.transtreme.framework.stepdefinitions.LoginSteps.the_user_clicks_the_logout_button()
✅ PDF successfully created at: test-output/ExtentSpark.html
]]></system-out>
    <system-err><![CDATA[SLF4J: Failed to load class "org.slf4j.impl.StaticLoggerBinder".
SLF4J: Defaulting to no-operation (NOP) logger implementation
SLF4J: See http://www.slf4j.org/codes.html#StaticLoggerBinder for further details.
Sept 03, 2025 8:20:56 PM org.openqa.selenium.devtools.CdpVersionFinder findNearestMatch
WARNING: Unable to find CDP implementation matching 139
Sept 03, 2025 8:20:56 PM org.openqa.selenium.chromium.ChromiumDriver lambda$new$5
WARNING: Unable to find version of CDP to use for 139.0.7258.155. You may need to include a dependency on a specific version of the CDP using something similar to `org.seleniumhq.selenium:selenium-devtools-v86:4.21.0` where the version ("v86") matches the version of the chromium-based browser you're using and the version number of the artifact is the same as Selenium's.
com.openhtmltopdf.load INFO:: SAX XMLReader in use (parser): com.sun.org.apache.xerces.internal.jaxp.SAXParserImpl$JAXPSAXParser
com.openhtmltopdf.load INFO:: SAX XMLReader in use (parser): com.sun.org.apache.xerces.internal.jaxp.SAXParserImpl$JAXPSAXParser
com.openhtmltopdf.load INFO:: Loaded document in ~79ms
com.openhtmltopdf.load INFO:: TIME: parse stylesheets 169ms
com.openhtmltopdf.match INFO:: media = print
com.openhtmltopdf.load INFO:: Requesting stylesheet: https://cdn.jsdelivr.net/gh/extent-framework/extent-github-cdn@ce8b10435bcbae260c334c0d0c6b61d2c19b6168/spark/css/spark-style.css
com.openhtmltopdf.css-parse WARNING:: (https://cdn.jsdelivr.net/gh/extent-framework/extent-github-cdn@ce8b10435bcbae260c334c0d0c6b61d2c19b6168/spark/css/spark-style.css) root is not a recognized pseudo-class at line 7. Skipping ruleset.
com.openhtmltopdf.css-parse WARNING:: (https://cdn.jsdelivr.net/gh/extent-framework/extent-github-cdn@ce8b10435bcbae260c334c0d0c6b61d2c19b6168/spark/css/spark-style.css) -webkit-text-size-adjust is an unrecognized CSS property at line 6. Ignoring declaration.
com.openhtmltopdf.css-parse WARNING:: (https://cdn.jsdelivr.net/gh/extent-framework/extent-github-cdn@ce8b10435bcbae260c334c0d0c6b61d2c19b6168/spark/css/spark-style.css) -ms-text-size-adjust is an unrecognized CSS property at line 6. Ignoring declaration.
com.openhtmltopdf.css-parse WARNING:: (https://cdn.jsdelivr.net/gh/extent-framework/extent-github-cdn@ce8b10435bcbae260c334c0d0c6b61d2c19b6168/spark/css/spark-style.css) -ms-overflow-style is an unrecognized CSS property at line 6. Ignoring declaration.
com.openhtmltopdf.css-parse WARNING:: (https://cdn.jsdelivr.net/gh/extent-framework/extent-github-cdn@ce8b10435bcbae260c334c0d0c6b61d2c19b6168/spark/css/spark-style.css) -webkit-tap-highlight-color is an unrecognized CSS property at line 6. Ignoring declaration.
com.openhtmltopdf.css-parse WARNING:: (https://cdn.jsdelivr.net/gh/extent-framework/extent-github-cdn@ce8b10435bcbae260c334c0d0c6b61d2c19b6168/spark/css/spark-style.css) Invalid at-rule at line 7. Skipping at-rule.
com.openhtmltopdf.css-parse WARNING:: (https://cdn.jsdelivr.net/gh/extent-framework/extent-github-cdn@ce8b10435bcbae260c334c0d0c6b61d2c19b6168/spark/css/spark-style.css) outline is not implemented at line 6. Ignoring declaration.
com.openhtmltopdf.css-parse WARNING:: (https://cdn.jsdelivr.net/gh/extent-framework/extent-github-cdn@ce8b10435bcbae260c334c0d0c6b61d2c19b6168/spark/css/spark-style.css) -webkit-text-decoration is an unrecognized CSS property at line 6. Ignoring declaration.
com.openhtmltopdf.css-parse WARNING:: (https://cdn.jsdelivr.net/gh/extent-framework/extent-github-cdn@ce8b10435bcbae260c334c0d0c6b61d2c19b6168/spark/css/spark-style.css) Ident dotted is an invalid or unsupported value for text-decoration at line 7. Skipping declaration.
com.openhtmltopdf.css-parse WARNING:: (https://cdn.jsdelivr.net/gh/extent-framework/extent-github-cdn@ce8b10435bcbae260c334c0d0c6b61d2c19b6168/spark/css/spark-style.css) -webkit-text-decoration-skip is an unrecognized CSS property at line 6. Ignoring declaration.
com.openhtmltopdf.css-parse WARNING:: (https://cdn.jsdelivr.net/gh/extent-framework/extent-github-cdn@ce8b10435bcbae260c334c0d0c6b61d2c19b6168/spark/css/spark-style.css) not is not a valid function in this context at line 7. Skipping ruleset.
com.openhtmltopdf.css-parse WARNING:: (https://cdn.jsdelivr.net/gh/extent-framework/extent-github-cdn@ce8b10435bcbae260c334c0d0c6b61d2c19b6168/spark/css/spark-style.css) not is not a valid function in this context at line 7. Skipping ruleset.
com.openhtmltopdf.css-parse WARNING:: (https://cdn.jsdelivr.net/gh/extent-framework/extent-github-cdn@ce8b10435bcbae260c334c0d0c6b61d2c19b6168/spark/css/spark-style.css) not is not a valid function in this context at line 7. Skipping ruleset.
com.openhtmltopdf.css-parse WARNING:: (https://cdn.jsdelivr.net/gh/extent-framework/extent-github-cdn@ce8b10435bcbae260c334c0d0c6b61d2c19b6168/spark/css/spark-style.css) Ident auto is an invalid or unsupported value for overflow at line 7. Skipping declaration.
com.openhtmltopdf.css-parse WARNING:: (https://cdn.jsdelivr.net/gh/extent-framework/extent-github-cdn@ce8b10435bcbae260c334c0d0c6b61d2c19b6168/spark/css/spark-style.css) -ms-overflow-style is an unrecognized CSS property at line 6. Ignoring declaration.
com.openhtmltopdf.css-parse WARNING:: (https://cdn.jsdelivr.net/gh/extent-framework/extent-github-cdn@ce8b10435bcbae260c334c0d0c6b61d2c19b6168/spark/css/spark-style.css) not is not a valid function in this context at line 7. Skipping ruleset.
com.openhtmltopdf.css-parse WARNING:: (https://cdn.jsdelivr.net/gh/extent-framework/extent-github-cdn@ce8b10435bcbae260c334c0d0c6b61d2c19b6168/spark/css/spark-style.css) outline is not implemented at line 6. Ignoring declaration.
com.openhtmltopdf.css-parse WARNING:: (https://cdn.jsdelivr.net/gh/extent-framework/extent-github-cdn@ce8b10435bcbae260c334c0d0c6b61d2c19b6168/spark/css/spark-style.css) outline is not implemented at line 6. Ignoring declaration.
com.openhtmltopdf.css-parse WARNING:: (https://cdn.jsdelivr.net/gh/extent-framework/extent-github-cdn@ce8b10435bcbae260c334c0d0c6b61d2c19b6168/spark/css/spark-style.css) -webkit-appearance is an unrecognized CSS property at line 6. Ignoring declaration.
com.openhtmltopdf.css-parse WARNING:: (https://cdn.jsdelivr.net/gh/extent-framework/extent-github-cdn@ce8b10435bcbae260c334c0d0c6b61d2c19b6168/spark/css/spark-style.css) -moz-focus-inner is not a recognized psuedo-element at line 7. Skipping ruleset.
com.openhtmltopdf.css-parse WARNING:: (https://cdn.jsdelivr.net/gh/extent-framework/extent-github-cdn@ce8b10435bcbae260c334c0d0c6b61d2c19b6168/spark/css/spark-style.css) -webkit-appearance is an unrecognized CSS property at line 6. Ignoring declaration.
com.openhtmltopdf.css-parse WARNING:: (https://cdn.jsdelivr.net/gh/extent-framework/extent-github-cdn@ce8b10435bcbae260c334c0d0c6b61d2c19b6168/spark/css/spark-style.css) Ident auto is an invalid or unsupported value for overflow at line 7. Skipping declaration.
com.openhtmltopdf.css-parse WARNING:: (https://cdn.jsdelivr.net/gh/extent-framework/extent-github-cdn@ce8b10435bcbae260c334c0d0c6b61d2c19b6168/spark/css/spark-style.css) resize is an unrecognized CSS property at line 6. Ignoring declaration.
com.openhtmltopdf.css-parse WARNING:: (https://cdn.jsdelivr.net/gh/extent-framework/extent-github-cdn@ce8b10435bcbae260c334c0d0c6b61d2c19b6168/spark/css/spark-style.css) -webkit-inner-spin-button is not a recognized psuedo-element at line 7. Skipping ruleset.
com.openhtmltopdf.css-parse WARNING:: (https://cdn.jsdelivr.net/gh/extent-framework/extent-github-cdn@ce8b10435bcbae260c334c0d0c6b61d2c19b6168/spark/css/spark-style.css) outline-offset is an unrecognized CSS property at line 6. Ignoring declaration.
com.openhtmltopdf.css-parse WARNING:: (https://cdn.jsdelivr.net/gh/extent-framework/extent-github-cdn@ce8b10435bcbae260c334c0d0c6b61d2c19b6168/spark/css/spark-style.css) -webkit-appearance is an unrecognized CSS property at line 6. Ignoring declaration.
com.openhtmltopdf.css-parse WARNING:: (https://cdn.jsdelivr.net/gh/extent-framework/extent-github-cdn@ce8b10435bcbae260c334c0d0c6b61d2c19b6168/spark/css/spark-style.css) -webkit-search-cancel-button is not a recognized psuedo-element at line 7. Skipping ruleset.
com.openhtmltopdf.css-parse WARNING:: (https://cdn.jsdelivr.net/gh/extent-framework/extent-github-cdn@ce8b10435bcbae260c334c0d0c6b61d2c19b6168/spark/css/spark-style.css) -webkit-file-upload-button is not a recognized psuedo-element at line 7. Skipping ruleset.
com.openhtmltopdf.css-parse WARNING:: (https://cdn.jsdelivr.net/gh/extent-framework/extent-github-cdn@ce8b10435bcbae260c334c0d0c6b61d2c19b6168/spark/css/spark-style.css) rgba(0,0,0,.1) is not a border width, style, or color at line 7. Skipping declaration.
com.openhtmltopdf.css-parse WARNING:: (https://cdn.jsdelivr.net/gh/extent-framework/extent-github-cdn@ce8b10435bcbae260c334c0d0c6b61d2c19b6168/spark/css/spark-style.css) not is not a valid function in this context at line 7. Skipping ruleset.
com.openhtmltopdf.css-parse WARNING:: (https://cdn.jsdelivr.net/gh/extent-framework/extent-github-cdn@ce8b10435bcbae260c334c0d0c6b61d2c19b6168/spark/css/spark-style.css) word-break is an unrecognized CSS property at line 6. Ignoring declaration.
com.openhtmltopdf.css-parse WARNING:: (https://cdn.jsdelivr.net/gh/extent-framework/extent-github-cdn@ce8b10435bcbae260c334c0d0c6b61d2c19b6168/spark/css/spark-style.css) word-break is an unrecognized CSS property at line 6. Ignoring declaration.
com.openhtmltopdf.css-parse WARNING:: (https://cdn.jsdelivr.net/gh/extent-framework/extent-github-cdn@ce8b10435bcbae260c334c0d0c6b61d2c19b6168/spark/css/spark-style.css) overflow-y is an unrecognized CSS property at line 6. Ignoring declaration.
com.openhtmltopdf.css-parse WARNING:: (https://cdn.jsdelivr.net/gh/extent-framework/extent-github-cdn@ce8b10435bcbae260c334c0d0c6b61d2c19b6168/spark/css/spark-style.css) Found ( (other) where an identifier was expected at line 7. Skipping @media rule.
com.openhtmltopdf.css-parse WARNING:: (https://cdn.jsdelivr.net/gh/extent-framework/extent-github-cdn@ce8b10435bcbae260c334c0d0c6b61d2c19b6168/spark/css/spark-style.css) Found ( (other) where an identifier was expected at line 7. Skipping @media rule.
com.openhtmltopdf.css-parse WARNING:: (https://cdn.jsdelivr.net/gh/extent-framework/extent-github-cdn@ce8b10435bcbae260c334c0d0c6b61d2c19b6168/spark/css/spark-style.css) Found ( (other) where an identifier was expected at line 7. Skipping @media rule.
com.openhtmltopdf.css-parse WARNING:: (https://cdn.jsdelivr.net/gh/extent-framework/extent-github-cdn@ce8b10435bcbae260c334c0d0c6b61d2c19b6168/spark/css/spark-style.css) Found ( (other) where an identifier was expected at line 7. Skipping @media rule.
com.openhtmltopdf.css-parse WARNING:: (https://cdn.jsdelivr.net/gh/extent-framework/extent-github-cdn@ce8b10435bcbae260c334c0d0c6b61d2c19b6168/spark/css/spark-style.css) Value -webkit-box is not a recognized identifier at line 7. Skipping declaration.
com.openhtmltopdf.css-parse WARNING:: (https://cdn.jsdelivr.net/gh/extent-framework/extent-github-cdn@ce8b10435bcbae260c334c0d0c6b61d2c19b6168/spark/css/spark-style.css) Value -ms-flexbox is not a recognized identifier at line 7. Skipping declaration.
com.openhtmltopdf.css-parse WARNING:: (https://cdn.jsdelivr.net/gh/extent-framework/extent-github-cdn@ce8b10435bcbae260c334c0d0c6b61d2c19b6168/spark/css/spark-style.css) Value flex is not a recognized identifier at line 7. Skipping declaration.
com.openhtmltopdf.css-parse WARNING:: (https://cdn.jsdelivr.net/gh/extent-framework/extent-github-cdn@ce8b10435bcbae260c334c0d0c6b61d2c19b6168/spark/css/spark-style.css) -ms-flex-wrap is an unrecognized CSS property at line 6. Ignoring declaration.
com.openhtmltopdf.css-parse WARNING:: (https://cdn.jsdelivr.net/gh/extent-framework/extent-github-cdn@ce8b10435bcbae260c334c0d0c6b61d2c19b6168/spark/css/spark-style.css) flex-wrap is an unrecognized CSS property at line 6. Ignoring declaration.
com.openhtmltopdf.css-parse WARNING:: (https://cdn.jsdelivr.net/gh/extent-framework/extent-github-cdn@ce8b10435bcbae260c334c0d0c6b61d2c19b6168/spark/css/spark-style.css) -ms-flex-preferred-size is an unrecognized CSS property at line 6. Ignoring declaration.
com.openhtmltopdf.css-parse WARNING:: (https://cdn.jsdelivr.net/gh/extent-framework/extent-github-cdn@ce8b10435bcbae260c334c0d0c6b61d2c19b6168/spark/css/spark-style.css) flex-basis is an unrecognized CSS property at line 6. Ignoring declaration.
com.openhtmltopdf.css-parse WARNING:: (https://cdn.jsdelivr.net/gh/extent-framework/extent-github-cdn@ce8b10435bcbae260c334c0d0c6b61d2c19b6168/spark/css/spark-style.css) -webkit-box-flex is an unrecognized CSS property at line 6. Ignoring declaration.
com.openhtmltopdf.css-parse WARNING:: (https://cdn.jsdelivr.net/gh/extent-framework/extent-github-cdn@ce8b10435bcbae260c334c0d0c6b61d2c19b6168/spark/css/spark-style.css) -ms-flex-positive is an unrecognized CSS property at line 6. Ignoring declaration.
com.openhtmltopdf.css-parse WARNING:: (https://cdn.jsdelivr.net/gh/extent-framework/extent-github-cdn@ce8b10435bcbae260c334c0d0c6b61d2c19b6168/spark/css/spark-style.css) flex-grow is an unrecognized CSS property at line 6. Ignoring declaration.
com.openhtmltopdf.css-parse WARNING:: (https://cdn.jsdelivr.net/gh/extent-framework/extent-github-cdn@ce8b10435bcbae260c334c0d0c6b61d2c19b6168/spark/css/spark-style.css) -webkit-box-flex is an unrecognized CSS property at line 6. Ignoring declaration.
com.openhtmltopdf.css-parse WARNING:: (https://cdn.jsdelivr.net/gh/extent-framework/extent-github-cdn@ce8b10435bcbae260c334c0d0c6b61d2c19b6168/spark/css/spark-style.css) -ms-flex is an unrecognized CSS property at line 6. Ignoring declaration.
com.openhtmltopdf.css-parse WARNING:: (https://cdn.jsdelivr.net/gh/extent-framework/extent-github-cdn@ce8b10435bcbae260c334c0d0c6b61d2c19b6168/spark/css/spark-style.css) flex is an unrecognized CSS property at line 6. Ignoring declaration.
com.openhtmltopdf.css-parse WARNING:: (https://cdn.jsdelivr.net/gh/extent-framework/extent-github-cdn@ce8b10435bcbae260c334c0d0c6b61d2c19b6168/spark/css/spark-style.css) -webkit-box-flex is an unrecognized CSS property at line 6. Ignoring declaration.
com.openhtmltopdf.css-parse WARNING:: (https://cdn.jsdelivr.net/gh/extent-framework/extent-github-cdn@ce8b10435bcbae260c334c0d0c6b61d2c19b6168/spark/css/spark-style.css) -ms-flex is an unrecognized CSS property at line 6. Ignoring declaration.
com.openhtmltopdf.css-parse WARNING:: (https://cdn.jsdelivr.net/gh/extent-framework/extent-github-cdn@ce8b10435bcbae260c334c0d0c6b61d2c19b6168/spark/css/spark-style.css) flex is an unrecognized CSS property at line 6. Ignoring declaration.
com.openhtmltopdf.css-parse WARNING:: (https://cdn.jsdelivr.net/gh/extent-framework/extent-github-cdn@ce8b10435bcbae260c334c0d0c6b61d2c19b6168/spark/css/spark-style.css) -webkit-box-flex is an unrecognized CSS property at line 6. Ignoring declaration.
com.openhtmltopdf.css-parse WARNING:: (https://cdn.jsdelivr.net/gh/extent-framework/extent-github-cdn@ce8b10435bcbae260c334c0d0c6b61d2c19b6168/spark/css/spark-style.css) -ms-flex is an unrecognized CSS property at line 6. Ignoring declaration.
com.openhtmltopdf.css-parse WARNING:: (https://cdn.jsdelivr.net/gh/extent-framework/extent-github-cdn@ce8b10435bcbae260c334c0d0c6b61d2c19b6168/spark/css/spark-style.css) flex is an unrecognized CSS property at line 6. Ignoring declaration.
com.openhtmltopdf.css-parse WARNING:: (https://cdn.jsdelivr.net/gh/extent-framework/extent-github-cdn@ce8b10435bcbae260c334c0d0c6b61d2c19b6168/spark/css/spark-style.css) -webkit-box-flex is an unrecognized CSS property at line 6. Ignoring declaration.
com.openhtmltopdf.css-parse WARNING:: (https://cdn.jsdelivr.net/gh/extent-framework/extent-github-cdn@ce8b10435bcbae260c334c0d0c6b61d2c19b6168/spark/css/spark-style.css) -ms-flex is an unrecognized CSS property at line 6. Ignoring declaration.
com.openhtmltopdf.css-parse WARNING:: (https://cdn.jsdelivr.net/gh/extent-framework/extent-github-cdn@ce8b10435bcbae260c334c0d0c6b61d2c19b6168/spark/css/spark-style.css) flex is an unrecognized CSS property at line 6. Ignoring declaration.
com.openhtmltopdf.css-parse WARNING:: (https://cdn.jsdelivr.net/gh/extent-framework/extent-github-cdn@ce8b10435bcbae260c334c0d0c6b61d2c19b6168/spark/css/spark-style.css) -webkit-box-flex is an unrecognized CSS property at line 6. Ignoring declaration.
com.openhtmltopdf.css-parse WARNING:: (https://cdn.jsdelivr.net/gh/extent-framework/extent-github-cdn@ce8b10435bcbae260c334c0d0c6b61d2c19b6168/spark/css/spark-style.css) -ms-flex is an unrecognized CSS property at line 6. Ignoring declaration.
com.openhtmltopdf.css-parse WARNING:: (https://cdn.jsdelivr.net/gh/extent-framework/extent-github-cdn@ce8b10435bcbae260c334c0d0c6b61d2c19b6168/spark/css/spark-style.css) flex is an unrecognized CSS property at line 6. Ignoring declaration.
com.openhtmltopdf.css-parse WARNING:: (https://cdn.jsdelivr.net/gh/extent-framework/extent-github-cdn@ce8b10435bcbae260c334c0d0c6b61d2c19b6168/spark/css/spark-style.css) -webkit-box-flex is an unrecognized CSS property at line 6. Ignoring declaration.
com.openhtmltopdf.css-parse WARNING:: (https://cdn.jsdelivr.net/gh/extent-framework/extent-github-cdn@ce8b10435bcbae260c334c0d0c6b61d2c19b6168/spark/css/spark-style.css) -ms-flex is an unrecognized CSS property at line 6. Ignoring declaration.
com.openhtmltopdf.css-parse WARNING:: (https://cdn.jsdelivr.net/gh/extent-framework/extent-github-cdn@ce8b10435bcbae260c334c0d0c6b61d2c19b6168/spark/css/spark-style.css) flex is an unrecognized CSS property at line 6. Ignoring declaration.
com.openhtmltopdf.css-parse WARNING:: (https://cdn.jsdelivr.net/gh/extent-framework/extent-github-cdn@ce8b10435bcbae260c334c0d0c6b61d2c19b6168/spark/css/spark-style.css) -webkit-box-flex is an unrecognized CSS property at line 6. Ignoring declaration.
com.openhtmltopdf.css-parse WARNING:: (https://cdn.jsdelivr.net/gh/extent-framework/extent-github-cdn@ce8b10435bcbae260c334c0d0c6b61d2c19b6168/spark/css/spark-style.css) -ms-flex is an unrecognized CSS property at line 6. Ignoring declaration.
com.openhtmltopdf.css-parse WARNING:: (https://cdn.jsdelivr.net/gh/extent-framework/extent-github-cdn@ce8b10435bcbae260c334c0d0c6b61d2c19b6168/spark/css/spark-style.css) flex is an unrecognized CSS property at line 6. Ignoring declaration.
com.openhtmltopdf.css-parse WARNING:: (https://cdn.jsdelivr.net/gh/extent-framework/extent-github-cdn@ce8b10435bcbae260c334c0d0c6b61d2c19b6168/spark/css/spark-style.css) -webkit-box-flex is an unrecognized CSS property at line 6. Ignoring declaration.
com.openhtmltopdf.css-parse WARNING:: (https://cdn.jsdelivr.net/gh/extent-framework/extent-github-cdn@ce8b10435bcbae260c334c0d0c6b61d2c19b6168/spark/css/spark-style.css) -ms-flex is an unrecognized CSS property at line 6. Ignoring declaration.
com.openhtmltopdf.css-parse WARNING:: (https://cdn.jsdelivr.net/gh/extent-framework/extent-github-cdn@ce8b10435bcbae260c334c0d0c6b61d2c19b6168/spark/css/spark-style.css) flex is an unrecognized CSS property at line 6. Ignoring declaration.
com.openhtmltopdf.css-parse WARNING:: (https://cdn.jsdelivr.net/gh/extent-framework/extent-github-cdn@ce8b10435bcbae260c334c0d0c6b61d2c19b6168/spark/css/spark-style.css) -webkit-box-flex is an unrecognized CSS property at line 6. Ignoring declaration.
com.openhtmltopdf.css-parse WARNING:: (https://cdn.jsdelivr.net/gh/extent-framework/extent-github-cdn@ce8b10435bcbae260c334c0d0c6b61d2c19b6168/spark/css/spark-style.css) -ms-flex is an unrecognized CSS property at line 6. Ignoring declaration.
com.openhtmltopdf.css-parse WARNING:: (https://cdn.jsdelivr.net/gh/extent-framework/extent-github-cdn@ce8b10435bcbae260c334c0d0c6b61d2c19b6168/spark/css/spark-style.css) flex is an unrecognized CSS property at line 6. Ignoring declaration.
com.openhtmltopdf.css-parse WARNING:: (https://cdn.jsdelivr.net/gh/extent-framework/extent-github-cdn@ce8b10435bcbae260c334c0d0c6b61d2c19b6168/spark/css/spark-style.css) -webkit-box-flex is an unrecognized CSS property at line 6. Ignoring declaration.
com.openhtmltopdf.css-parse WARNING:: (https://cdn.jsdelivr.net/gh/extent-framework/extent-github-cdn@ce8b10435bcbae260c334c0d0c6b61d2c19b6168/spark/css/spark-style.css) -ms-flex is an unrecognized CSS property at line 6. Ignoring declaration.
com.openhtmltopdf.css-parse WARNING:: (https://cdn.jsdelivr.net/gh/extent-framework/extent-github-cdn@ce8b10435bcbae260c334c0d0c6b61d2c19b6168/spark/css/spark-style.css) flex is an unrecognized CSS property at line 6. Ignoring declaration.
com.openhtmltopdf.css-parse WARNING:: (https://cdn.jsdelivr.net/gh/extent-framework/extent-github-cdn@ce8b10435bcbae260c334c0d0c6b61d2c19b6168/spark/css/spark-style.css) -webkit-box-flex is an unrecognized CSS property at line 6. Ignoring declaration.
com.openhtmltopdf.css-parse WARNING:: (https://cdn.jsdelivr.net/gh/extent-framework/extent-github-cdn@ce8b10435bcbae260c334c0d0c6b61d2c19b6168/spark/css/spark-style.css) -ms-flex is an unrecognized CSS property at line 6. Ignoring declaration.
com.openhtmltopdf.css-parse WARNING:: (https://cdn.jsdelivr.net/gh/extent-framework/extent-github-cdn@ce8b10435bcbae260c334c0d0c6b61d2c19b6168/spark/css/spark-style.css) flex is an unrecognized CSS property at line 6. Ignoring declaration.
com.openhtmltopdf.css-parse WARNING:: (https://cdn.jsdelivr.net/gh/extent-framework/extent-github-cdn@ce8b10435bcbae260c334c0d0c6b61d2c19b6168/spark/css/spark-style.css) -webkit-box-flex is an unrecognized CSS property at line 6. Ignoring declaration.
com.openhtmltopdf.css-parse WARNING:: (https://cdn.jsdelivr.net/gh/extent-framework/extent-github-cdn@ce8b10435bcbae260c334c0d0c6b61d2c19b6168/spark/css/spark-style.css) -ms-flex is an unrecognized CSS property at line 6. Ignoring declaration.
com.openhtmltopdf.css-parse WARNING:: (https://cdn.jsdelivr.net/gh/extent-framework/extent-github-cdn@ce8b10435bcbae260c334c0d0c6b61d2c19b6168/spark/css/spark-style.css) flex is an unrecognized CSS property at line 6. Ignoring declaration.
com.openhtmltopdf.css-parse WARNING:: (https://cdn.jsdelivr.net/gh/extent-framework/extent-github-cdn@ce8b10435bcbae260c334c0d0c6b61d2c19b6168/spark/css/spark-style.css) -webkit-box-flex is an unrecognized CSS property at line 6. Ignoring declaration.
com.openhtmltopdf.css-parse WARNING:: (https://cdn.jsdelivr.net/gh/extent-framework/extent-github-cdn@ce8b10435bcbae260c334c0d0c6b61d2c19b6168/spark/css/spark-style.css) -ms-flex is an unrecognized CSS property at line 6. Ignoring declaration.
com.openhtmltopdf.css-parse WARNING:: (https://cdn.jsdelivr.net/gh/extent-framework/extent-github-cdn@ce8b10435bcbae260c334c0d0c6b61d2c19b6168/spark/css/spark-style.css) flex is an unrecognized CSS property at line 6. Ignoring declaration.
com.openhtmltopdf.css-parse WARNING:: (https://cdn.jsdelivr.net/gh/extent-framework/extent-github-cdn@ce8b10435bcbae260c334c0d0c6b61d2c19b6168/spark/css/spark-style.css) -webkit-box-ordinal-group is an unrecognized CSS property at line 6. Ignoring declaration.
com.openhtmltopdf.css-parse WARNING:: (https://cdn.jsdelivr.net/gh/extent-framework/extent-github-cdn@ce8b10435bcbae260c334c0d0c6b61d2c19b6168/spark/css/spark-style.css) -ms-flex-order is an unrecognized CSS property at line 6. Ignoring declaration.
com.openhtmltopdf.css-parse WARNING:: (https://cdn.jsdelivr.net/gh/extent-framework/extent-github-cdn@ce8b10435bcbae260c334c0d0c6b61d2c19b6168/spark/css/spark-style.css) order is an unrecognized CSS property at line 6. Ignoring declaration.
com.openhtmltopdf.css-parse WARNING:: (https://cdn.jsdelivr.net/gh/extent-framework/extent-github-cdn@ce8b10435bcbae260c334c0d0c6b61d2c19b6168/spark/css/spark-style.css) -webkit-box-ordinal-group is an unrecognized CSS property at line 6. Ignoring declaration.
com.openhtmltopdf.css-parse WARNING:: (https://cdn.jsdelivr.net/gh/extent-framework/extent-github-cdn@ce8b10435bcbae260c334c0d0c6b61d2c19b6168/spark/css/spark-style.css) -ms-flex-order is an unrecognized CSS property at line 6. Ignoring declaration.
com.openhtmltopdf.css-parse WARNING:: (https://cdn.jsdelivr.net/gh/extent-framework/extent-github-cdn@ce8b10435bcbae260c334c0d0c6b61d2c19b6168/spark/css/spark-style.css) order is an unrecognized CSS property at line 6. Ignoring declaration.
com.openhtmltopdf.css-parse WARNING:: (https://cdn.jsdelivr.net/gh/extent-framework/extent-github-cdn@ce8b10435bcbae260c334c0d0c6b61d2c19b6168/spark/css/spark-style.css) -webkit-box-ordinal-group is an unrecognized CSS property at line 6. Ignoring declaration.
com.openhtmltopdf.css-parse WARNING:: (https://cdn.jsdelivr.net/gh/extent-framework/extent-github-cdn@ce8b10435bcbae260c334c0d0c6b61d2c19b6168/spark/css/spark-style.css) -ms-flex-order is an unrecognized CSS property at line 6. Ignoring declaration.
com.openhtmltopdf.css-parse WARNING:: (https://cdn.jsdelivr.net/gh/extent-framework/extent-github-cdn@ce8b10435bcbae260c334c0d0c6b61d2c19b6168/spark/css/spark-style.css) order is an unrecognized CSS property at line 6. Ignoring declaration.
com.openhtmltopdf.css-parse WARNING:: (https://cdn.jsdelivr.net/gh/extent-framework/extent-github-cdn@ce8b10435bcbae260c334c0d0c6b61d2c19b6168/spark/css/spark-style.css) -webkit-box-ordinal-group is an unrecognized CSS property at line 6. Ignoring declaration.
com.openhtmltopdf.css-parse WARNING:: (https://cdn.jsdelivr.net/gh/extent-framework/extent-github-cdn@ce8b10435bcbae260c334c0d0c6b61d2c19b6168/spark/css/spark-style.css) -ms-flex-order is an unrecognized CSS property at line 6. Ignoring declaration.
com.openhtmltopdf.css-parse WARNING:: (https://cdn.jsdelivr.net/gh/extent-framework/extent-github-cdn@ce8b10435bcbae260c334c0d0c6b61d2c19b6168/spark/css/spark-style.css) order is an unrecognized CSS property at line 6. Ignoring declaration.
com.openhtmltopdf.css-parse WARNING:: (https://cdn.jsdelivr.net/gh/extent-framework/extent-github-cdn@ce8b10435bcbae260c334c0d0c6b61d2c19b6168/spark/css/spark-style.css) -webkit-box-ordinal-group is an unrecognized CSS property at line 6. Ignoring declaration.
com.openhtmltopdf.css-parse WARNING:: (https://cdn.jsdelivr.net/gh/extent-framework/extent-github-cdn@ce8b10435bcbae260c334c0d0c6b61d2c19b6168/spark/css/spark-style.css) -ms-flex-order is an unrecognized CSS property at line 6. Ignoring declaration.
com.openhtmltopdf.css-parse WARNING:: (https://cdn.jsdelivr.net/gh/extent-framework/extent-github-cdn@ce8b10435bcbae260c334c0d0c6b61d2c19b6168/spark/css/spark-style.css) order is an unrecognized CSS property at line 6. Ignoring declaration.
com.openhtmltopdf.css-parse WARNING:: (https://cdn.jsdelivr.net/gh/extent-framework/extent-github-cdn@ce8b10435bcbae260c334c0d0c6b61d2c19b6168/spark/css/spark-style.css) -webkit-box-ordinal-group is an unrecognized CSS property at line 6. Ignoring declaration.
com.openhtmltopdf.css-parse WARNING:: (https://cdn.jsdelivr.net/gh/extent-framework/extent-github-cdn@ce8b10435bcbae260c334c0d0c6b61d2c19b6168/spark/css/spark-style.css) -ms-flex-order is an unrecognized CSS property at line 6. Ignoring declaration.
com.openhtmltopdf.css-parse WARNING:: (https://cdn.jsdelivr.net/gh/extent-framework/extent-github-cdn@ce8b10435bcbae260c334c0d0c6b61d2c19b6168/spark/css/spark-style.css) order is an unrecognized CSS property at line 6. Ignoring declaration.
com.openhtmltopdf.css-parse WARNING:: (https://cdn.jsdelivr.net/gh/extent-framework/extent-github-cdn@ce8b10435bcbae260c334c0d0c6b61d2c19b6168/spark/css/spark-style.css) -webkit-box-ordinal-group is an unrecognized CSS property at line 6. Ignoring declaration.
com.openhtmltopdf.css-parse WARNING:: (https://cdn.jsdelivr.net/gh/extent-framework/extent-github-cdn@ce8b10435bcbae260c334c0d0c6b61d2c19b6168/spark/css/spark-style.css) -ms-flex-order is an unrecognized CSS property at line 6. Ignoring declaration.
com.openhtmltopdf.css-parse WARNING:: (https://cdn.jsdelivr.net/gh/extent-framework/extent-github-cdn@ce8b10435bcbae260c334c0d0c6b61d2c19b6168/spark/css/spark-style.css) order is an unrecognized CSS property at line 6. Ignoring declaration.
com.openhtmltopdf.css-parse WARNING:: (https://cdn.jsdelivr.net/gh/extent-framework/extent-github-cdn@ce8b10435bcbae260c334c0d0c6b61d2c19b6168/spark/css/spark-style.css) -webkit-box-ordinal-group is an unrecognized CSS property at line 6. Ignoring declaration.
com.openhtmltopdf.css-parse WARNING:: (https://cdn.jsdelivr.net/gh/extent-framework/extent-github-cdn@ce8b10435bcbae260c334c0d0c6b61d2c19b6168/spark/css/spark-style.css) -ms-flex-order is an unrecognized CSS property at line 6. Ignoring declaration.
com.openhtmltopdf.css-parse WARNING:: (https://cdn.jsdelivr.net/gh/extent-framework/extent-github-cdn@ce8b10435bcbae260c334c0d0c6b61d2c19b6168/spark/css/spark-style.css) order is an unrecognized CSS property at line 6. Ignoring declaration.
com.openhtmltopdf.css-parse WARNING:: (https://cdn.jsdelivr.net/gh/extent-framework/extent-github-cdn@ce8b10435bcbae260c334c0d0c6b61d2c19b6168/spark/css/spark-style.css) -webkit-box-ordinal-group is an unrecognized CSS property at line 6. Ignoring declaration.
com.openhtmltopdf.css-parse WARNING:: (https://cdn.jsdelivr.net/gh/extent-framework/extent-github-cdn@ce8b10435bcbae260c334c0d0c6b61d2c19b6168/spark/css/spark-style.css) -ms-flex-order is an unrecognized CSS property at line 6. Ignoring declaration.
com.openhtmltopdf.css-parse WARNING:: (https://cdn.jsdelivr.net/gh/extent-framework/extent-github-cdn@ce8b10435bcbae260c334c0d0c6b61d2c19b6168/spark/css/spark-style.css) order is an unrecognized CSS property at line 6. Ignoring declaration.
com.openhtmltopdf.css-parse WARNING:: (https://cdn.jsdelivr.net/gh/extent-framework/extent-github-cdn@ce8b10435bcbae260c334c0d0c6b61d2c19b6168/spark/css/spark-style.css) -webkit-box-ordinal-group is an unrecognized CSS property at line 6. Ignoring declaration.
com.openhtmltopdf.css-parse WARNING:: (https://cdn.jsdelivr.net/gh/extent-framework/extent-github-cdn@ce8b10435bcbae260c334c0d0c6b61d2c19b6168/spark/css/spark-style.css) -ms-flex-order is an unrecognized CSS property at line 6. Ignoring declaration.
com.openhtmltopdf.css-parse WARNING:: (https://cdn.jsdelivr.net/gh/extent-framework/extent-github-cdn@ce8b10435bcbae260c334c0d0c6b61d2c19b6168/spark/css/spark-style.css) order is an unrecognized CSS property at line 6. Ignoring declaration.
com.openhtmltopdf.css-parse WARNING:: (https://cdn.jsdelivr.net/gh/extent-framework/extent-github-cdn@ce8b10435bcbae260c334c0d0c6b61d2c19b6168/spark/css/spark-style.css) -webkit-box-ordinal-group is an unrecognized CSS property at line 6. Ignoring declaration.
com.openhtmltopdf.css-parse WARNING:: (https://cdn.jsdelivr.net/gh/extent-framework/extent-github-cdn@ce8b10435bcbae260c334c0d0c6b61d2c19b6168/spark/css/spark-style.css) -ms-flex-order is an unrecognized CSS property at line 6. Ignoring declaration.
com.openhtmltopdf.css-parse WARNING:: (https://cdn.jsdelivr.net/gh/extent-framework/extent-github-cdn@ce8b10435bcbae260c334c0d0c6b61d2c19b6168/spark/css/spark-style.css) order is an unrecognized CSS property at line 6. Ignoring declaration.
com.openhtmltopdf.css-parse WARNING:: (https://cdn.jsdelivr.net/gh/extent-framework/extent-github-cdn@ce8b10435bcbae260c334c0d0c6b61d2c19b6168/spark/css/spark-style.css) -webkit-box-ordinal-group is an unrecognized CSS property at line 6. Ignoring declaration.
com.openhtmltopdf.css-parse WARNING:: (https://cdn.jsdelivr.net/gh/extent-framework/extent-github-cdn@ce8b10435bcbae260c334c0d0c6b61d2c19b6168/spark/css/spark-style.css) -ms-flex-order is an unrecognized CSS property at line 6. Ignoring declaration.
com.openhtmltopdf.css-parse WARNING:: (https://cdn.jsdelivr.net/gh/extent-framework/extent-github-cdn@ce8b10435bcbae260c334c0d0c6b61d2c19b6168/spark/css/spark-style.css) order is an unrecognized CSS property at line 6. Ignoring declaration.
com.openhtmltopdf.css-parse WARNING:: (https://cdn.jsdelivr.net/gh/extent-framework/extent-github-cdn@ce8b10435bcbae260c334c0d0c6b61d2c19b6168/spark/css/spark-style.css) -webkit-box-ordinal-group is an unrecognized CSS property at line 6. Ignoring declaration.
com.openhtmltopdf.css-parse WARNING:: (https://cdn.jsdelivr.net/gh/extent-framework/extent-github-cdn@ce8b10435bcbae260c334c0d0c6b61d2c19b6168/spark/css/spark-style.css) -ms-flex-order is an unrecognized CSS property at line 6. Ignoring declaration.
com.openhtmltopdf.css-parse WARNING:: (https://cdn.jsdelivr.net/gh/extent-framework/extent-github-cdn@ce8b10435bcbae260c334c0d0c6b61d2c19b6168/spark/css/spark-style.css) order is an unrecognized CSS property at line 6. Ignoring declaration.
com.openhtmltopdf.css-parse WARNING:: (https://cdn.jsdelivr.net/gh/extent-framework/extent-github-cdn@ce8b10435bcbae260c334c0d0c6b61d2c19b6168/spark/css/spark-style.css) -webkit-box-ordinal-group is an unrecognized CSS property at line 6. Ignoring declaration.
com.openhtmltopdf.css-parse WARNING:: (https://cdn.jsdelivr.net/gh/extent-framework/extent-github-cdn@ce8b10435bcbae260c334c0d0c6b61d2c19b6168/spark/css/spark-style.css) -ms-flex-order is an unrecognized CSS property at line 6. Ignoring declaration.
com.openhtmltopdf.css-parse WARNING:: (https://cdn.jsdelivr.net/gh/extent-framework/extent-github-cdn@ce8b10435bcbae260c334c0d0c6b61d2c19b6168/spark/css/spark-style.css) order is an unrecognized CSS property at line 6. Ignoring declaration.
com.openhtmltopdf.css-parse WARNING:: (https://cdn.jsdelivr.net/gh/extent-framework/extent-github-cdn@ce8b10435bcbae260c334c0d0c6b61d2c19b6168/spark/css/spark-style.css) -webkit-box-ordinal-group is an unrecognized CSS property at line 6. Ignoring declaration.
com.openhtmltopdf.css-parse WARNING:: (https://cdn.jsdelivr.net/gh/extent-framework/extent-github-cdn@ce8b10435bcbae260c334c0d0c6b61d2c19b6168/spark/css/spark-style.css) -ms-flex-order is an unrecognized CSS property at line 6. Ignoring declaration.
com.openhtmltopdf.css-parse WARNING:: (https://cdn.jsdelivr.net/gh/extent-framework/extent-github-cdn@ce8b10435bcbae260c334c0d0c6b61d2c19b6168/spark/css/spark-style.css) order is an unrecognized CSS property at line 6. Ignoring declaration.
com.openhtmltopdf.css-parse WARNING:: (https://cdn.jsdelivr.net/gh/extent-framework/extent-github-cdn@ce8b10435bcbae260c334c0d0c6b61d2c19b6168/spark/css/spark-style.css) Found ( (other) where an identifier was expected at line 7. Skipping @media rule.
com.openhtmltopdf.css-parse WARNING:: (https://cdn.jsdelivr.net/gh/extent-framework/extent-github-cdn@ce8b10435bcbae260c334c0d0c6b61d2c19b6168/spark/css/spark-style.css) Found ( (other) where an identifier was expected at line 7. Skipping @media rule.
com.openhtmltopdf.css-parse WARNING:: (https://cdn.jsdelivr.net/gh/extent-framework/extent-github-cdn@ce8b10435bcbae260c334c0d0c6b61d2c19b6168/spark/css/spark-style.css) Found ( (other) where an identifier was expected at line 7. Skipping @media rule.
com.openhtmltopdf.css-parse WARNING:: (https://cdn.jsdelivr.net/gh/extent-framework/extent-github-cdn@ce8b10435bcbae260c334c0d0c6b61d2c19b6168/spark/css/spark-style.css) Found ( (other) where an identifier was expected at line 7. Skipping @media rule.
com.openhtmltopdf.css-parse WARNING:: (https://cdn.jsdelivr.net/gh/extent-framework/extent-github-cdn@ce8b10435bcbae260c334c0d0c6b61d2c19b6168/spark/css/spark-style.css) nth-of-type is not a valid function in this context at line 7. Skipping ruleset.
com.openhtmltopdf.css-parse WARNING:: (https://cdn.jsdelivr.net/gh/extent-framework/extent-github-cdn@ce8b10435bcbae260c334c0d0c6b61d2c19b6168/spark/css/spark-style.css) Value for background-color must be an identifier or a color at line 7. Skipping declaration.
com.openhtmltopdf.css-parse WARNING:: (https://cdn.jsdelivr.net/gh/extent-framework/extent-github-cdn@ce8b10435bcbae260c334c0d0c6b61d2c19b6168/spark/css/spark-style.css) Value for background-color must be an identifier or a color at line 7. Skipping declaration.
com.openhtmltopdf.css-parse WARNING:: (https://cdn.jsdelivr.net/gh/extent-framework/extent-github-cdn@ce8b10435bcbae260c334c0d0c6b61d2c19b6168/spark/css/spark-style.css) Value for background-color must be an identifier or a color at line 7. Skipping declaration.
com.openhtmltopdf.css-parse WARNING:: (https://cdn.jsdelivr.net/gh/extent-framework/extent-github-cdn@ce8b10435bcbae260c334c0d0c6b61d2c19b6168/spark/css/spark-style.css) Value for background-color must be an identifier or a color at line 7. Skipping declaration.
com.openhtmltopdf.css-parse WARNING:: (https://cdn.jsdelivr.net/gh/extent-framework/extent-github-cdn@ce8b10435bcbae260c334c0d0c6b61d2c19b6168/spark/css/spark-style.css) nth-of-type is not a valid function in this context at line 7. Skipping ruleset.
com.openhtmltopdf.css-parse WARNING:: (https://cdn.jsdelivr.net/gh/extent-framework/extent-github-cdn@ce8b10435bcbae260c334c0d0c6b61d2c19b6168/spark/css/spark-style.css) Value for background-color must be an identifier or a color at line 7. Skipping declaration.
com.openhtmltopdf.css-parse WARNING:: (https://cdn.jsdelivr.net/gh/extent-framework/extent-github-cdn@ce8b10435bcbae260c334c0d0c6b61d2c19b6168/spark/css/spark-style.css) Found ( (other) where an identifier was expected at line 7. Skipping @media rule.
com.openhtmltopdf.css-parse WARNING:: (https://cdn.jsdelivr.net/gh/extent-framework/extent-github-cdn@ce8b10435bcbae260c334c0d0c6b61d2c19b6168/spark/css/spark-style.css) Found ( (other) where an identifier was expected at line 7. Skipping @media rule.
com.openhtmltopdf.css-parse WARNING:: (https://cdn.jsdelivr.net/gh/extent-framework/extent-github-cdn@ce8b10435bcbae260c334c0d0c6b61d2c19b6168/spark/css/spark-style.css) Found ( (other) where an identifier was expected at line 7. Skipping @media rule.
com.openhtmltopdf.css-parse WARNING:: (https://cdn.jsdelivr.net/gh/extent-framework/extent-github-cdn@ce8b10435bcbae260c334c0d0c6b61d2c19b6168/spark/css/spark-style.css) Found ( (other) where an identifier was expected at line 7. Skipping @media rule.
com.openhtmltopdf.css-parse WARNING:: (https://cdn.jsdelivr.net/gh/extent-framework/extent-github-cdn@ce8b10435bcbae260c334c0d0c6b61d2c19b6168/spark/css/spark-style.css) overflow-x is an unrecognized CSS property at line 6. Ignoring declaration.
com.openhtmltopdf.css-parse WARNING:: (https://cdn.jsdelivr.net/gh/extent-framework/extent-github-cdn@ce8b10435bcbae260c334c0d0c6b61d2c19b6168/spark/css/spark-style.css) -webkit-overflow-scrolling is an unrecognized CSS property at line 6. Ignoring declaration.
com.openhtmltopdf.css-parse WARNING:: (https://cdn.jsdelivr.net/gh/extent-framework/extent-github-cdn@ce8b10435bcbae260c334c0d0c6b61d2c19b6168/spark/css/spark-style.css) -ms-overflow-style is an unrecognized CSS property at line 6. Ignoring declaration.
com.openhtmltopdf.css-parse WARNING:: (https://cdn.jsdelivr.net/gh/extent-framework/extent-github-cdn@ce8b10435bcbae260c334c0d0c6b61d2c19b6168/spark/css/spark-style.css) background-clip is an unrecognized CSS property at line 6. Ignoring declaration.
com.openhtmltopdf.css-parse WARNING:: (https://cdn.jsdelivr.net/gh/extent-framework/extent-github-cdn@ce8b10435bcbae260c334c0d0c6b61d2c19b6168/spark/css/spark-style.css) transition is an unrecognized CSS property at line 6. Ignoring declaration.
com.openhtmltopdf.css-parse WARNING:: (https://cdn.jsdelivr.net/gh/extent-framework/extent-github-cdn@ce8b10435bcbae260c334c0d0c6b61d2c19b6168/spark/css/spark-style.css) Unsupported CSS unit s at line 7. Skipping declaration.
com.openhtmltopdf.css-parse WARNING:: (https://cdn.jsdelivr.net/gh/extent-framework/extent-github-cdn@ce8b10435bcbae260c334c0d0c6b61d2c19b6168/spark/css/spark-style.css) -ms-expand is not a recognized psuedo-element at line 7. Skipping ruleset.
com.openhtmltopdf.css-parse WARNING:: (https://cdn.jsdelivr.net/gh/extent-framework/extent-github-cdn@ce8b10435bcbae260c334c0d0c6b61d2c19b6168/spark/css/spark-style.css) outline is not implemented at line 6. Ignoring declaration.
com.openhtmltopdf.css-parse WARNING:: (https://cdn.jsdelivr.net/gh/extent-framework/extent-github-cdn@ce8b10435bcbae260c334c0d0c6b61d2c19b6168/spark/css/spark-style.css) box-shadow is an unrecognized CSS property at line 6. Ignoring declaration.
com.openhtmltopdf.css-parse WARNING:: (https://cdn.jsdelivr.net/gh/extent-framework/extent-github-cdn@ce8b10435bcbae260c334c0d0c6b61d2c19b6168/spark/css/spark-style.css) -webkit-input-placeholder is not a recognized psuedo-element at line 7. Skipping ruleset.
com.openhtmltopdf.css-parse WARNING:: (https://cdn.jsdelivr.net/gh/extent-framework/extent-github-cdn@ce8b10435bcbae260c334c0d0c6b61d2c19b6168/spark/css/spark-style.css) -moz-placeholder is not a recognized psuedo-element at line 7. Skipping ruleset.
com.openhtmltopdf.css-parse WARNING:: (https://cdn.jsdelivr.net/gh/extent-framework/extent-github-cdn@ce8b10435bcbae260c334c0d0c6b61d2c19b6168/spark/css/spark-style.css) -ms-input-placeholder is not a recognized pseudo-class at line 7. Skipping ruleset.
com.openhtmltopdf.css-parse WARNING:: (https://cdn.jsdelivr.net/gh/extent-framework/extent-github-cdn@ce8b10435bcbae260c334c0d0c6b61d2c19b6168/spark/css/spark-style.css) -ms-input-placeholder is not a recognized psuedo-element at line 7. Skipping ruleset.
com.openhtmltopdf.css-parse WARNING:: (https://cdn.jsdelivr.net/gh/extent-framework/extent-github-cdn@ce8b10435bcbae260c334c0d0c6b61d2c19b6168/spark/css/spark-style.css) placeholder is not a recognized psuedo-element at line 7. Skipping ruleset.
com.openhtmltopdf.css-parse WARNING:: (https://cdn.jsdelivr.net/gh/extent-framework/extent-github-cdn@ce8b10435bcbae260c334c0d0c6b61d2c19b6168/spark/css/spark-style.css) disabled is not a recognized pseudo-class at line 7. Skipping ruleset.
com.openhtmltopdf.css-parse WARNING:: (https://cdn.jsdelivr.net/gh/extent-framework/extent-github-cdn@ce8b10435bcbae260c334c0d0c6b61d2c19b6168/spark/css/spark-style.css) not is not a valid function in this context at line 7. Skipping ruleset.
com.openhtmltopdf.css-parse WARNING:: (https://cdn.jsdelivr.net/gh/extent-framework/extent-github-cdn@ce8b10435bcbae260c334c0d0c6b61d2c19b6168/spark/css/spark-style.css) -ms-value is not a recognized psuedo-element at line 7. Skipping ruleset.
com.openhtmltopdf.css-parse WARNING:: (https://cdn.jsdelivr.net/gh/extent-framework/extent-github-cdn@ce8b10435bcbae260c334c0d0c6b61d2c19b6168/spark/css/spark-style.css) Found whitespace where one of a number, a percentage, a pixel value, an em value, an ex value, a pica value, a millimeter value, a centimeter value, an inch value, a point value, an angle value, a time value, a freq value, a string, an identifier, a URI, a hex color, or function was expected at line 7. Skipping declaration.
com.openhtmltopdf.css-parse WARNING:: (https://cdn.jsdelivr.net/gh/extent-framework/extent-github-cdn@ce8b10435bcbae260c334c0d0c6b61d2c19b6168/spark/css/spark-style.css) Found whitespace where one of a number, a percentage, a pixel value, an em value, an ex value, a pica value, a millimeter value, a centimeter value, an inch value, a point value, an angle value, a time value, a freq value, a string, an identifier, a URI, a hex color, or function was expected at line 7. Skipping declaration.
com.openhtmltopdf.css-parse WARNING:: (https://cdn.jsdelivr.net/gh/extent-framework/extent-github-cdn@ce8b10435bcbae260c334c0d0c6b61d2c19b6168/spark/css/spark-style.css) Found whitespace where one of a number, a percentage, a pixel value, an em value, an ex value, a pica value, a millimeter value, a centimeter value, an inch value, a point value, an angle value, a time value, a freq value, a string, an identifier, a URI, a hex color, or function was expected at line 7. Skipping declaration.
com.openhtmltopdf.css-parse WARNING:: (https://cdn.jsdelivr.net/gh/extent-framework/extent-github-cdn@ce8b10435bcbae260c334c0d0c6b61d2c19b6168/spark/css/spark-style.css) Found whitespace where one of a number, a percentage, a pixel value, an em value, an ex value, a pica value, a millimeter value, a centimeter value, an inch value, a point value, an angle value, a time value, a freq value, a string, an identifier, a URI, a hex color, or function was expected at line 7. Skipping declaration.
com.openhtmltopdf.css-parse WARNING:: (https://cdn.jsdelivr.net/gh/extent-framework/extent-github-cdn@ce8b10435bcbae260c334c0d0c6b61d2c19b6168/spark/css/spark-style.css) Found whitespace where one of a number, a percentage, a pixel value, an em value, an ex value, a pica value, a millimeter value, a centimeter value, an inch value, a point value, an angle value, a time value, a freq value, a string, an identifier, a URI, a hex color, or function was expected at line 7. Skipping declaration.
com.openhtmltopdf.css-parse WARNING:: (https://cdn.jsdelivr.net/gh/extent-framework/extent-github-cdn@ce8b10435bcbae260c334c0d0c6b61d2c19b6168/spark/css/spark-style.css) Found whitespace where one of a number, a percentage, a pixel value, an em value, an ex value, a pica value, a millimeter value, a centimeter value, an inch value, a point value, an angle value, a time value, a freq value, a string, an identifier, a URI, a hex color, or function was expected at line 7. Skipping declaration.
com.openhtmltopdf.css-parse WARNING:: (https://cdn.jsdelivr.net/gh/extent-framework/extent-github-cdn@ce8b10435bcbae260c334c0d0c6b61d2c19b6168/spark/css/spark-style.css) not is not a valid function in this context at line 7. Skipping ruleset.
com.openhtmltopdf.css-parse WARNING:: (https://cdn.jsdelivr.net/gh/extent-framework/extent-github-cdn@ce8b10435bcbae260c334c0d0c6b61d2c19b6168/spark/css/spark-style.css) not is not a valid function in this context at line 7. Skipping ruleset.
com.openhtmltopdf.css-parse WARNING:: (https://cdn.jsdelivr.net/gh/extent-framework/extent-github-cdn@ce8b10435bcbae260c334c0d0c6b61d2c19b6168/spark/css/spark-style.css) Value -webkit-box is not a recognized identifier at line 7. Skipping declaration.
com.openhtmltopdf.css-parse WARNING:: (https://cdn.jsdelivr.net/gh/extent-framework/extent-github-cdn@ce8b10435bcbae260c334c0d0c6b61d2c19b6168/spark/css/spark-style.css) Value -ms-flexbox is not a recognized identifier at line 7. Skipping declaration.
com.openhtmltopdf.css-parse WARNING:: (https://cdn.jsdelivr.net/gh/extent-framework/extent-github-cdn@ce8b10435bcbae260c334c0d0c6b61d2c19b6168/spark/css/spark-style.css) Value flex is not a recognized identifier at line 7. Skipping declaration.
com.openhtmltopdf.css-parse WARNING:: (https://cdn.jsdelivr.net/gh/extent-framework/extent-github-cdn@ce8b10435bcbae260c334c0d0c6b61d2c19b6168/spark/css/spark-style.css) -ms-flex-wrap is an unrecognized CSS property at line 6. Ignoring declaration.
com.openhtmltopdf.css-parse WARNING:: (https://cdn.jsdelivr.net/gh/extent-framework/extent-github-cdn@ce8b10435bcbae260c334c0d0c6b61d2c19b6168/spark/css/spark-style.css) flex-wrap is an unrecognized CSS property at line 6. Ignoring declaration.
com.openhtmltopdf.css-parse WARNING:: (https://cdn.jsdelivr.net/gh/extent-framework/extent-github-cdn@ce8b10435bcbae260c334c0d0c6b61d2c19b6168/spark/css/spark-style.css) disabled is not a recognized pseudo-class at line 7. Skipping ruleset.
com.openhtmltopdf.css-parse WARNING:: (https://cdn.jsdelivr.net/gh/extent-framework/extent-github-cdn@ce8b10435bcbae260c334c0d0c6b61d2c19b6168/spark/css/spark-style.css) Value -webkit-inline-box is not a recognized identifier at line 7. Skipping declaration.
com.openhtmltopdf.css-parse WARNING:: (https://cdn.jsdelivr.net/gh/extent-framework/extent-github-cdn@ce8b10435bcbae260c334c0d0c6b61d2c19b6168/spark/css/spark-style.css) Value -ms-inline-flexbox is not a recognized identifier at line 7. Skipping declaration.
com.openhtmltopdf.css-parse WARNING:: (https://cdn.jsdelivr.net/gh/extent-framework/extent-github-cdn@ce8b10435bcbae260c334c0d0c6b61d2c19b6168/spark/css/spark-style.css) Value inline-flex is not a recognized identifier at line 7. Skipping declaration.
com.openhtmltopdf.css-parse WARNING:: (https://cdn.jsdelivr.net/gh/extent-framework/extent-github-cdn@ce8b10435bcbae260c334c0d0c6b61d2c19b6168/spark/css/spark-style.css) -webkit-box-align is an unrecognized CSS property at line 6. Ignoring declaration.
com.openhtmltopdf.css-parse WARNING:: (https://cdn.jsdelivr.net/gh/extent-framework/extent-github-cdn@ce8b10435bcbae260c334c0d0c6b61d2c19b6168/spark/css/spark-style.css) -ms-flex-align is an unrecognized CSS property at line 6. Ignoring declaration.
com.openhtmltopdf.css-parse WARNING:: (https://cdn.jsdelivr.net/gh/extent-framework/extent-github-cdn@ce8b10435bcbae260c334c0d0c6b61d2c19b6168/spark/css/spark-style.css) align-items is an unrecognized CSS property at line 6. Ignoring declaration.
com.openhtmltopdf.css-parse WARNING:: (https://cdn.jsdelivr.net/gh/extent-framework/extent-github-cdn@ce8b10435bcbae260c334c0d0c6b61d2c19b6168/spark/css/spark-style.css) valid is not a recognized pseudo-class at line 7. Skipping ruleset.
com.openhtmltopdf.css-parse WARNING:: (https://cdn.jsdelivr.net/gh/extent-framework/extent-github-cdn@ce8b10435bcbae260c334c0d0c6b61d2c19b6168/spark/css/spark-style.css) valid is not a recognized pseudo-class at line 7. Skipping ruleset.
com.openhtmltopdf.css-parse WARNING:: (https://cdn.jsdelivr.net/gh/extent-framework/extent-github-cdn@ce8b10435bcbae260c334c0d0c6b61d2c19b6168/spark/css/spark-style.css) Found ~ (other) where a comma or a { was expected at line 7. Skipping ruleset.
com.openhtmltopdf.css-parse WARNING:: (https://cdn.jsdelivr.net/gh/extent-framework/extent-github-cdn@ce8b10435bcbae260c334c0d0c6b61d2c19b6168/spark/css/spark-style.css) Found ~ (other) where a comma or a { was expected at line 7. Skipping ruleset.
com.openhtmltopdf.css-parse WARNING:: (https://cdn.jsdelivr.net/gh/extent-framework/extent-github-cdn@ce8b10435bcbae260c334c0d0c6b61d2c19b6168/spark/css/spark-style.css) Found ~ (other) where a comma or a { was expected at line 7. Skipping ruleset.
com.openhtmltopdf.css-parse WARNING:: (https://cdn.jsdelivr.net/gh/extent-framework/extent-github-cdn@ce8b10435bcbae260c334c0d0c6b61d2c19b6168/spark/css/spark-style.css) Found ~ (other) where a comma or a { was expected at line 7. Skipping ruleset.
com.openhtmltopdf.css-parse WARNING:: (https://cdn.jsdelivr.net/gh/extent-framework/extent-github-cdn@ce8b10435bcbae260c334c0d0c6b61d2c19b6168/spark/css/spark-style.css) Found ~ (other) where a comma or a { was expected at line 7. Skipping ruleset.
com.openhtmltopdf.css-parse WARNING:: (https://cdn.jsdelivr.net/gh/extent-framework/extent-github-cdn@ce8b10435bcbae260c334c0d0c6b61d2c19b6168/spark/css/spark-style.css) Found ~ (other) where a comma or a { was expected at line 7. Skipping ruleset.
com.openhtmltopdf.css-parse WARNING:: (https://cdn.jsdelivr.net/gh/extent-framework/extent-github-cdn@ce8b10435bcbae260c334c0d0c6b61d2c19b6168/spark/css/spark-style.css) checked is not a recognized pseudo-class at line 7. Skipping ruleset.
com.openhtmltopdf.css-parse WARNING:: (https://cdn.jsdelivr.net/gh/extent-framework/extent-github-cdn@ce8b10435bcbae260c334c0d0c6b61d2c19b6168/spark/css/spark-style.css) Found ~ (other) where a comma or a { was expected at line 7. Skipping ruleset.
com.openhtmltopdf.css-parse WARNING:: (https://cdn.jsdelivr.net/gh/extent-framework/extent-github-cdn@ce8b10435bcbae260c334c0d0c6b61d2c19b6168/spark/css/spark-style.css) Found ~ (other) where a comma or a { was expected at line 7. Skipping ruleset.
com.openhtmltopdf.css-parse WARNING:: (https://cdn.jsdelivr.net/gh/extent-framework/extent-github-cdn@ce8b10435bcbae260c334c0d0c6b61d2c19b6168/spark/css/spark-style.css) Found ~ (other) where a comma or a { was expected at line 7. Skipping ruleset.
com.openhtmltopdf.css-parse WARNING:: (https://cdn.jsdelivr.net/gh/extent-framework/extent-github-cdn@ce8b10435bcbae260c334c0d0c6b61d2c19b6168/spark/css/spark-style.css) Found ~ (other) where a comma or a { was expected at line 7. Skipping ruleset.
com.openhtmltopdf.css-parse WARNING:: (https://cdn.jsdelivr.net/gh/extent-framework/extent-github-cdn@ce8b10435bcbae260c334c0d0c6b61d2c19b6168/spark/css/spark-style.css) Found ~ (other) where a comma or a { was expected at line 7. Skipping ruleset.
com.openhtmltopdf.css-parse WARNING:: (https://cdn.jsdelivr.net/gh/extent-framework/extent-github-cdn@ce8b10435bcbae260c334c0d0c6b61d2c19b6168/spark/css/spark-style.css) Value for background-color must be an identifier or a color at line 7. Skipping declaration.
com.openhtmltopdf.css-parse WARNING:: (https://cdn.jsdelivr.net/gh/extent-framework/extent-github-cdn@ce8b10435bcbae260c334c0d0c6b61d2c19b6168/spark/css/spark-style.css) invalid is not a recognized pseudo-class at line 7. Skipping ruleset.
com.openhtmltopdf.css-parse WARNING:: (https://cdn.jsdelivr.net/gh/extent-framework/extent-github-cdn@ce8b10435bcbae260c334c0d0c6b61d2c19b6168/spark/css/spark-style.css) invalid is not a recognized pseudo-class at line 7. Skipping ruleset.
com.openhtmltopdf.css-parse WARNING:: (https://cdn.jsdelivr.net/gh/extent-framework/extent-github-cdn@ce8b10435bcbae260c334c0d0c6b61d2c19b6168/spark/css/spark-style.css) Found ~ (other) where a comma or a { was expected at line 7. Skipping ruleset.
com.openhtmltopdf.css-parse WARNING:: (https://cdn.jsdelivr.net/gh/extent-framework/extent-github-cdn@ce8b10435bcbae260c334c0d0c6b61d2c19b6168/spark/css/spark-style.css) Found ~ (other) where a comma or a { was expected at line 7. Skipping ruleset.
com.openhtmltopdf.css-parse WARNING:: (https://cdn.jsdelivr.net/gh/extent-framework/extent-github-cdn@ce8b10435bcbae260c334c0d0c6b61d2c19b6168/spark/css/spark-style.css) Found ~ (other) where a comma or a { was expected at line 7. Skipping ruleset.
com.openhtmltopdf.css-parse WARNING:: (https://cdn.jsdelivr.net/gh/extent-framework/extent-github-cdn@ce8b10435bcbae260c334c0d0c6b61d2c19b6168/spark/css/spark-style.css) Found ~ (other) where a comma or a { was expected at line 7. Skipping ruleset.
com.openhtmltopdf.css-parse WARNING:: (https://cdn.jsdelivr.net/gh/extent-framework/extent-github-cdn@ce8b10435bcbae260c334c0d0c6b61d2c19b6168/spark/css/spark-style.css) Found ~ (other) where a comma or a { was expected at line 7. Skipping ruleset.
com.openhtmltopdf.css-parse WARNING:: (https://cdn.jsdelivr.net/gh/extent-framework/extent-github-cdn@ce8b10435bcbae260c334c0d0c6b61d2c19b6168/spark/css/spark-style.css) Found ~ (other) where a comma or a { was expected at line 7. Skipping ruleset.
com.openhtmltopdf.css-parse WARNING:: (https://cdn.jsdelivr.net/gh/extent-framework/extent-github-cdn@ce8b10435bcbae260c334c0d0c6b61d2c19b6168/spark/css/spark-style.css) checked is not a recognized pseudo-class at line 7. Skipping ruleset.
com.openhtmltopdf.css-parse WARNING:: (https://cdn.jsdelivr.net/gh/extent-framework/extent-github-cdn@ce8b10435bcbae260c334c0d0c6b61d2c19b6168/spark/css/spark-style.css) Found ~ (other) where a comma or a { was expected at line 7. Skipping ruleset.
com.openhtmltopdf.css-parse WARNING:: (https://cdn.jsdelivr.net/gh/extent-framework/extent-github-cdn@ce8b10435bcbae260c334c0d0c6b61d2c19b6168/spark/css/spark-style.css) Found ~ (other) where a comma or a { was expected at line 7. Skipping ruleset.
com.openhtmltopdf.css-parse WARNING:: (https://cdn.jsdelivr.net/gh/extent-framework/extent-github-cdn@ce8b10435bcbae260c334c0d0c6b61d2c19b6168/spark/css/spark-style.css) Found ~ (other) where a comma or a { was expected at line 7. Skipping ruleset.
com.openhtmltopdf.css-parse WARNING:: (https://cdn.jsdelivr.net/gh/extent-framework/extent-github-cdn@ce8b10435bcbae260c334c0d0c6b61d2c19b6168/spark/css/spark-style.css) Found ~ (other) where a comma or a { was expected at line 7. Skipping ruleset.
com.openhtmltopdf.css-parse WARNING:: (https://cdn.jsdelivr.net/gh/extent-framework/extent-github-cdn@ce8b10435bcbae260c334c0d0c6b61d2c19b6168/spark/css/spark-style.css) Found ~ (other) where a comma or a { was expected at line 7. Skipping ruleset.
com.openhtmltopdf.css-parse WARNING:: (https://cdn.jsdelivr.net/gh/extent-framework/extent-github-cdn@ce8b10435bcbae260c334c0d0c6b61d2c19b6168/spark/css/spark-style.css) Value -webkit-box is not a recognized identifier at line 7. Skipping declaration.
com.openhtmltopdf.css-parse WARNING:: (https://cdn.jsdelivr.net/gh/extent-framework/extent-github-cdn@ce8b10435bcbae260c334c0d0c6b61d2c19b6168/spark/css/spark-style.css) Value -ms-flexbox is not a recognized identifier at line 7. Skipping declaration.
com.openhtmltopdf.css-parse WARNING:: (https://cdn.jsdelivr.net/gh/extent-framework/extent-github-cdn@ce8b10435bcbae260c334c0d0c6b61d2c19b6168/spark/css/spark-style.css) Value flex is not a recognized identifier at line 7. Skipping declaration.
com.openhtmltopdf.css-parse WARNING:: (https://cdn.jsdelivr.net/gh/extent-framework/extent-github-cdn@ce8b10435bcbae260c334c0d0c6b61d2c19b6168/spark/css/spark-style.css) -webkit-box-orient is an unrecognized CSS property at line 6. Ignoring declaration.
com.openhtmltopdf.css-parse WARNING:: (https://cdn.jsdelivr.net/gh/extent-framework/extent-github-cdn@ce8b10435bcbae260c334c0d0c6b61d2c19b6168/spark/css/spark-style.css) -webkit-box-direction is an unrecognized CSS property at line 6. Ignoring declaration.
com.openhtmltopdf.css-parse WARNING:: (https://cdn.jsdelivr.net/gh/extent-framework/extent-github-cdn@ce8b10435bcbae260c334c0d0c6b61d2c19b6168/spark/css/spark-style.css) -ms-flex-flow is an unrecognized CSS property at line 6. Ignoring declaration.
com.openhtmltopdf.css-parse WARNING:: (https://cdn.jsdelivr.net/gh/extent-framework/extent-github-cdn@ce8b10435bcbae260c334c0d0c6b61d2c19b6168/spark/css/spark-style.css) flex-flow is an unrecognized CSS property at line 6. Ignoring declaration.
com.openhtmltopdf.css-parse WARNING:: (https://cdn.jsdelivr.net/gh/extent-framework/extent-github-cdn@ce8b10435bcbae260c334c0d0c6b61d2c19b6168/spark/css/spark-style.css) -webkit-box-align is an unrecognized CSS property at line 6. Ignoring declaration.
com.openhtmltopdf.css-parse WARNING:: (https://cdn.jsdelivr.net/gh/extent-framework/extent-github-cdn@ce8b10435bcbae260c334c0d0c6b61d2c19b6168/spark/css/spark-style.css) -ms-flex-align is an unrecognized CSS property at line 6. Ignoring declaration.
com.openhtmltopdf.css-parse WARNING:: (https://cdn.jsdelivr.net/gh/extent-framework/extent-github-cdn@ce8b10435bcbae260c334c0d0c6b61d2c19b6168/spark/css/spark-style.css) align-items is an unrecognized CSS property at line 6. Ignoring declaration.
com.openhtmltopdf.css-parse WARNING:: (https://cdn.jsdelivr.net/gh/extent-framework/extent-github-cdn@ce8b10435bcbae260c334c0d0c6b61d2c19b6168/spark/css/spark-style.css) Found ( (other) where an identifier was expected at line 7. Skipping @media rule.
com.openhtmltopdf.css-parse WARNING:: (https://cdn.jsdelivr.net/gh/extent-framework/extent-github-cdn@ce8b10435bcbae260c334c0d0c6b61d2c19b6168/spark/css/spark-style.css) -webkit-user-select is an unrecognized CSS property at line 6. Ignoring declaration.
com.openhtmltopdf.css-parse WARNING:: (https://cdn.jsdelivr.net/gh/extent-framework/extent-github-cdn@ce8b10435bcbae260c334c0d0c6b61d2c19b6168/spark/css/spark-style.css) -moz-user-select is an unrecognized CSS property at line 6. Ignoring declaration.
com.openhtmltopdf.css-parse WARNING:: (https://cdn.jsdelivr.net/gh/extent-framework/extent-github-cdn@ce8b10435bcbae260c334c0d0c6b61d2c19b6168/spark/css/spark-style.css) -ms-user-select is an unrecognized CSS property at line 6. Ignoring declaration.
com.openhtmltopdf.css-parse WARNING:: (https://cdn.jsdelivr.net/gh/extent-framework/extent-github-cdn@ce8b10435bcbae260c334c0d0c6b61d2c19b6168/spark/css/spark-style.css) user-select is an unrecognized CSS property at line 6. Ignoring declaration.
com.openhtmltopdf.css-parse WARNING:: (https://cdn.jsdelivr.net/gh/extent-framework/extent-github-cdn@ce8b10435bcbae260c334c0d0c6b61d2c19b6168/spark/css/spark-style.css) transition is an unrecognized CSS property at line 6. Ignoring declaration.
com.openhtmltopdf.css-parse WARNING:: (https://cdn.jsdelivr.net/gh/extent-framework/extent-github-cdn@ce8b10435bcbae260c334c0d0c6b61d2c19b6168/spark/css/spark-style.css) Unsupported CSS unit s at line 7. Skipping declaration.
com.openhtmltopdf.css-parse WARNING:: (https://cdn.jsdelivr.net/gh/extent-framework/extent-github-cdn@ce8b10435bcbae260c334c0d0c6b61d2c19b6168/spark/css/spark-style.css) outline is not implemented at line 6. Ignoring declaration.
com.openhtmltopdf.css-parse WARNING:: (https://cdn.jsdelivr.net/gh/extent-framework/extent-github-cdn@ce8b10435bcbae260c334c0d0c6b61d2c19b6168/spark/css/spark-style.css) box-shadow is an unrecognized CSS property at line 6. Ignoring declaration.
com.openhtmltopdf.css-parse WARNING:: (https://cdn.jsdelivr.net/gh/extent-framework/extent-github-cdn@ce8b10435bcbae260c334c0d0c6b61d2c19b6168/spark/css/spark-style.css) disabled is not a recognized pseudo-class at line 7. Skipping ruleset.
com.openhtmltopdf.css-parse WARNING:: (https://cdn.jsdelivr.net/gh/extent-framework/extent-github-cdn@ce8b10435bcbae260c334c0d0c6b61d2c19b6168/spark/css/spark-style.css) not is not a valid function in this context at line 7. Skipping ruleset.
com.openhtmltopdf.css-parse WARNING:: (https://cdn.jsdelivr.net/gh/extent-framework/extent-github-cdn@ce8b10435bcbae260c334c0d0c6b61d2c19b6168/spark/css/spark-style.css) not is not a valid function in this context at line 7. Skipping ruleset.
com.openhtmltopdf.css-parse WARNING:: (https://cdn.jsdelivr.net/gh/extent-framework/extent-github-cdn@ce8b10435bcbae260c334c0d0c6b61d2c19b6168/spark/css/spark-style.css) disabled is not a recognized pseudo-class at line 7. Skipping ruleset.
com.openhtmltopdf.css-parse WARNING:: (https://cdn.jsdelivr.net/gh/extent-framework/extent-github-cdn@ce8b10435bcbae260c334c0d0c6b61d2c19b6168/spark/css/spark-style.css) box-shadow is an unrecognized CSS property at line 6. Ignoring declaration.
com.openhtmltopdf.css-parse WARNING:: (https://cdn.jsdelivr.net/gh/extent-framework/extent-github-cdn@ce8b10435bcbae260c334c0d0c6b61d2c19b6168/spark/css/spark-style.css) disabled is not a recognized pseudo-class at line 7. Skipping ruleset.
com.openhtmltopdf.css-parse WARNING:: (https://cdn.jsdelivr.net/gh/extent-framework/extent-github-cdn@ce8b10435bcbae260c334c0d0c6b61d2c19b6168/spark/css/spark-style.css) not is not a valid function in this context at line 7. Skipping ruleset.
com.openhtmltopdf.css-parse WARNING:: (https://cdn.jsdelivr.net/gh/extent-framework/extent-github-cdn@ce8b10435bcbae260c334c0d0c6b61d2c19b6168/spark/css/spark-style.css) not is not a valid function in this context at line 7. Skipping ruleset.
com.openhtmltopdf.css-parse WARNING:: (https://cdn.jsdelivr.net/gh/extent-framework/extent-github-cdn@ce8b10435bcbae260c334c0d0c6b61d2c19b6168/spark/css/spark-style.css) box-shadow is an unrecognized CSS property at line 6. Ignoring declaration.
com.openhtmltopdf.css-parse WARNING:: (https://cdn.jsdelivr.net/gh/extent-framework/extent-github-cdn@ce8b10435bcbae260c334c0d0c6b61d2c19b6168/spark/css/spark-style.css) disabled is not a recognized pseudo-class at line 7. Skipping ruleset.
com.openhtmltopdf.css-parse WARNING:: (https://cdn.jsdelivr.net/gh/extent-framework/extent-github-cdn@ce8b10435bcbae260c334c0d0c6b61d2c19b6168/spark/css/spark-style.css) not is not a valid function in this context at line 7. Skipping ruleset.
com.openhtmltopdf.css-parse WARNING:: (https://cdn.jsdelivr.net/gh/extent-framework/extent-github-cdn@ce8b10435bcbae260c334c0d0c6b61d2c19b6168/spark/css/spark-style.css) not is not a valid function in this context at line 7. Skipping ruleset.
com.openhtmltopdf.css-parse WARNING:: (https://cdn.jsdelivr.net/gh/extent-framework/extent-github-cdn@ce8b10435bcbae260c334c0d0c6b61d2c19b6168/spark/css/spark-style.css) box-shadow is an unrecognized CSS property at line 6. Ignoring declaration.
com.openhtmltopdf.css-parse WARNING:: (https://cdn.jsdelivr.net/gh/extent-framework/extent-github-cdn@ce8b10435bcbae260c334c0d0c6b61d2c19b6168/spark/css/spark-style.css) disabled is not a recognized pseudo-class at line 7. Skipping ruleset.
com.openhtmltopdf.css-parse WARNING:: (https://cdn.jsdelivr.net/gh/extent-framework/extent-github-cdn@ce8b10435bcbae260c334c0d0c6b61d2c19b6168/spark/css/spark-style.css) not is not a valid function in this context at line 7. Skipping ruleset.
com.openhtmltopdf.css-parse WARNING:: (https://cdn.jsdelivr.net/gh/extent-framework/extent-github-cdn@ce8b10435bcbae260c334c0d0c6b61d2c19b6168/spark/css/spark-style.css) not is not a valid function in this context at line 7. Skipping ruleset.
com.openhtmltopdf.css-parse WARNING:: (https://cdn.jsdelivr.net/gh/extent-framework/extent-github-cdn@ce8b10435bcbae260c334c0d0c6b61d2c19b6168/spark/css/spark-style.css) box-shadow is an unrecognized CSS property at line 6. Ignoring declaration.
com.openhtmltopdf.css-parse WARNING:: (https://cdn.jsdelivr.net/gh/extent-framework/extent-github-cdn@ce8b10435bcbae260c334c0d0c6b61d2c19b6168/spark/css/spark-style.css) disabled is not a recognized pseudo-class at line 7. Skipping ruleset.
com.openhtmltopdf.css-parse WARNING:: (https://cdn.jsdelivr.net/gh/extent-framework/extent-github-cdn@ce8b10435bcbae260c334c0d0c6b61d2c19b6168/spark/css/spark-style.css) not is not a valid function in this context at line 7. Skipping ruleset.
com.openhtmltopdf.css-parse WARNING:: (https://cdn.jsdelivr.net/gh/extent-framework/extent-github-cdn@ce8b10435bcbae260c334c0d0c6b61d2c19b6168/spark/css/spark-style.css) not is not a valid function in this context at line 7. Skipping ruleset.
com.openhtmltopdf.css-parse WARNING:: (https://cdn.jsdelivr.net/gh/extent-framework/extent-github-cdn@ce8b10435bcbae260c334c0d0c6b61d2c19b6168/spark/css/spark-style.css) box-shadow is an unrecognized CSS property at line 6. Ignoring declaration.
com.openhtmltopdf.css-parse WARNING:: (https://cdn.jsdelivr.net/gh/extent-framework/extent-github-cdn@ce8b10435bcbae260c334c0d0c6b61d2c19b6168/spark/css/spark-style.css) disabled is not a recognized pseudo-class at line 7. Skipping ruleset.
com.openhtmltopdf.css-parse WARNING:: (https://cdn.jsdelivr.net/gh/extent-framework/extent-github-cdn@ce8b10435bcbae260c334c0d0c6b61d2c19b6168/spark/css/spark-style.css) not is not a valid function in this context at line 7. Skipping ruleset.
com.openhtmltopdf.css-parse WARNING:: (https://cdn.jsdelivr.net/gh/extent-framework/extent-github-cdn@ce8b10435bcbae260c334c0d0c6b61d2c19b6168/spark/css/spark-style.css) not is not a valid function in this context at line 7. Skipping ruleset.
com.openhtmltopdf.css-parse WARNING:: (https://cdn.jsdelivr.net/gh/extent-framework/extent-github-cdn@ce8b10435bcbae260c334c0d0c6b61d2c19b6168/spark/css/spark-style.css) box-shadow is an unrecognized CSS property at line 6. Ignoring declaration.
com.openhtmltopdf.css-parse WARNING:: (https://cdn.jsdelivr.net/gh/extent-framework/extent-github-cdn@ce8b10435bcbae260c334c0d0c6b61d2c19b6168/spark/css/spark-style.css) disabled is not a recognized pseudo-class at line 7. Skipping ruleset.
com.openhtmltopdf.css-parse WARNING:: (https://cdn.jsdelivr.net/gh/extent-framework/extent-github-cdn@ce8b10435bcbae260c334c0d0c6b61d2c19b6168/spark/css/spark-style.css) not is not a valid function in this context at line 7. Skipping ruleset.
com.openhtmltopdf.css-parse WARNING:: (https://cdn.jsdelivr.net/gh/extent-framework/extent-github-cdn@ce8b10435bcbae260c334c0d0c6b61d2c19b6168/spark/css/spark-style.css) not is not a valid function in this context at line 7. Skipping ruleset.
com.openhtmltopdf.css-parse WARNING:: (https://cdn.jsdelivr.net/gh/extent-framework/extent-github-cdn@ce8b10435bcbae260c334c0d0c6b61d2c19b6168/spark/css/spark-style.css) box-shadow is an unrecognized CSS property at line 6. Ignoring declaration.
com.openhtmltopdf.css-parse WARNING:: (https://cdn.jsdelivr.net/gh/extent-framework/extent-github-cdn@ce8b10435bcbae260c334c0d0c6b61d2c19b6168/spark/css/spark-style.css) disabled is not a recognized pseudo-class at line 7. Skipping ruleset.
com.openhtmltopdf.css-parse WARNING:: (https://cdn.jsdelivr.net/gh/extent-framework/extent-github-cdn@ce8b10435bcbae260c334c0d0c6b61d2c19b6168/spark/css/spark-style.css) not is not a valid function in this context at line 7. Skipping ruleset.
com.openhtmltopdf.css-parse WARNING:: (https://cdn.jsdelivr.net/gh/extent-framework/extent-github-cdn@ce8b10435bcbae260c334c0d0c6b61d2c19b6168/spark/css/spark-style.css) not is not a valid function in this context at line 7. Skipping ruleset.
com.openhtmltopdf.css-parse WARNING:: (https://cdn.jsdelivr.net/gh/extent-framework/extent-github-cdn@ce8b10435bcbae260c334c0d0c6b61d2c19b6168/spark/css/spark-style.css) box-shadow is an unrecognized CSS property at line 6. Ignoring declaration.
com.openhtmltopdf.css-parse WARNING:: (https://cdn.jsdelivr.net/gh/extent-framework/extent-github-cdn@ce8b10435bcbae260c334c0d0c6b61d2c19b6168/spark/css/spark-style.css) disabled is not a recognized pseudo-class at line 7. Skipping ruleset.
com.openhtmltopdf.css-parse WARNING:: (https://cdn.jsdelivr.net/gh/extent-framework/extent-github-cdn@ce8b10435bcbae260c334c0d0c6b61d2c19b6168/spark/css/spark-style.css) not is not a valid function in this context at line 7. Skipping ruleset.
com.openhtmltopdf.css-parse WARNING:: (https://cdn.jsdelivr.net/gh/extent-framework/extent-github-cdn@ce8b10435bcbae260c334c0d0c6b61d2c19b6168/spark/css/spark-style.css) not is not a valid function in this context at line 7. Skipping ruleset.
com.openhtmltopdf.css-parse WARNING:: (https://cdn.jsdelivr.net/gh/extent-framework/extent-github-cdn@ce8b10435bcbae260c334c0d0c6b61d2c19b6168/spark/css/spark-style.css) box-shadow is an unrecognized CSS property at line 6. Ignoring declaration.
com.openhtmltopdf.css-parse WARNING:: (https://cdn.jsdelivr.net/gh/extent-framework/extent-github-cdn@ce8b10435bcbae260c334c0d0c6b61d2c19b6168/spark/css/spark-style.css) disabled is not a recognized pseudo-class at line 7. Skipping ruleset.
com.openhtmltopdf.css-parse WARNING:: (https://cdn.jsdelivr.net/gh/extent-framework/extent-github-cdn@ce8b10435bcbae260c334c0d0c6b61d2c19b6168/spark/css/spark-style.css) not is not a valid function in this context at line 7. Skipping ruleset.
com.openhtmltopdf.css-parse WARNING:: (https://cdn.jsdelivr.net/gh/extent-framework/extent-github-cdn@ce8b10435bcbae260c334c0d0c6b61d2c19b6168/spark/css/spark-style.css) not is not a valid function in this context at line 7. Skipping ruleset.
com.openhtmltopdf.css-parse WARNING:: (https://cdn.jsdelivr.net/gh/extent-framework/extent-github-cdn@ce8b10435bcbae260c334c0d0c6b61d2c19b6168/spark/css/spark-style.css) box-shadow is an unrecognized CSS property at line 6. Ignoring declaration.
com.openhtmltopdf.css-parse WARNING:: (https://cdn.jsdelivr.net/gh/extent-framework/extent-github-cdn@ce8b10435bcbae260c334c0d0c6b61d2c19b6168/spark/css/spark-style.css) disabled is not a recognized pseudo-class at line 7. Skipping ruleset.
com.openhtmltopdf.css-parse WARNING:: (https://cdn.jsdelivr.net/gh/extent-framework/extent-github-cdn@ce8b10435bcbae260c334c0d0c6b61d2c19b6168/spark/css/spark-style.css) not is not a valid function in this context at line 7. Skipping ruleset.
com.openhtmltopdf.css-parse WARNING:: (https://cdn.jsdelivr.net/gh/extent-framework/extent-github-cdn@ce8b10435bcbae260c334c0d0c6b61d2c19b6168/spark/css/spark-style.css) not is not a valid function in this context at line 7. Skipping ruleset.
com.openhtmltopdf.css-parse WARNING:: (https://cdn.jsdelivr.net/gh/extent-framework/extent-github-cdn@ce8b10435bcbae260c334c0d0c6b61d2c19b6168/spark/css/spark-style.css) box-shadow is an unrecognized CSS property at line 6. Ignoring declaration.
com.openhtmltopdf.css-parse WARNING:: (https://cdn.jsdelivr.net/gh/extent-framework/extent-github-cdn@ce8b10435bcbae260c334c0d0c6b61d2c19b6168/spark/css/spark-style.css) disabled is not a recognized pseudo-class at line 7. Skipping ruleset.
com.openhtmltopdf.css-parse WARNING:: (https://cdn.jsdelivr.net/gh/extent-framework/extent-github-cdn@ce8b10435bcbae260c334c0d0c6b61d2c19b6168/spark/css/spark-style.css) not is not a valid function in this context at line 7. Skipping ruleset.
com.openhtmltopdf.css-parse WARNING:: (https://cdn.jsdelivr.net/gh/extent-framework/extent-github-cdn@ce8b10435bcbae260c334c0d0c6b61d2c19b6168/spark/css/spark-style.css) not is not a valid function in this context at line 7. Skipping ruleset.
com.openhtmltopdf.css-parse WARNING:: (https://cdn.jsdelivr.net/gh/extent-framework/extent-github-cdn@ce8b10435bcbae260c334c0d0c6b61d2c19b6168/spark/css/spark-style.css) box-shadow is an unrecognized CSS property at line 6. Ignoring declaration.
com.openhtmltopdf.css-parse WARNING:: (https://cdn.jsdelivr.net/gh/extent-framework/extent-github-cdn@ce8b10435bcbae260c334c0d0c6b61d2c19b6168/spark/css/spark-style.css) disabled is not a recognized pseudo-class at line 7. Skipping ruleset.
com.openhtmltopdf.css-parse WARNING:: (https://cdn.jsdelivr.net/gh/extent-framework/extent-github-cdn@ce8b10435bcbae260c334c0d0c6b61d2c19b6168/spark/css/spark-style.css) not is not a valid function in this context at line 7. Skipping ruleset.
com.openhtmltopdf.css-parse WARNING:: (https://cdn.jsdelivr.net/gh/extent-framework/extent-github-cdn@ce8b10435bcbae260c334c0d0c6b61d2c19b6168/spark/css/spark-style.css) not is not a valid function in this context at line 7. Skipping ruleset.
com.openhtmltopdf.css-parse WARNING:: (https://cdn.jsdelivr.net/gh/extent-framework/extent-github-cdn@ce8b10435bcbae260c334c0d0c6b61d2c19b6168/spark/css/spark-style.css) box-shadow is an unrecognized CSS property at line 6. Ignoring declaration.
com.openhtmltopdf.css-parse WARNING:: (https://cdn.jsdelivr.net/gh/extent-framework/extent-github-cdn@ce8b10435bcbae260c334c0d0c6b61d2c19b6168/spark/css/spark-style.css) disabled is not a recognized pseudo-class at line 7. Skipping ruleset.
com.openhtmltopdf.css-parse WARNING:: (https://cdn.jsdelivr.net/gh/extent-framework/extent-github-cdn@ce8b10435bcbae260c334c0d0c6b61d2c19b6168/spark/css/spark-style.css) not is not a valid function in this context at line 7. Skipping ruleset.
com.openhtmltopdf.css-parse WARNING:: (https://cdn.jsdelivr.net/gh/extent-framework/extent-github-cdn@ce8b10435bcbae260c334c0d0c6b61d2c19b6168/spark/css/spark-style.css) not is not a valid function in this context at line 7. Skipping ruleset.
com.openhtmltopdf.css-parse WARNING:: (https://cdn.jsdelivr.net/gh/extent-framework/extent-github-cdn@ce8b10435bcbae260c334c0d0c6b61d2c19b6168/spark/css/spark-style.css) box-shadow is an unrecognized CSS property at line 6. Ignoring declaration.
com.openhtmltopdf.css-parse WARNING:: (https://cdn.jsdelivr.net/gh/extent-framework/extent-github-cdn@ce8b10435bcbae260c334c0d0c6b61d2c19b6168/spark/css/spark-style.css) disabled is not a recognized pseudo-class at line 7. Skipping ruleset.
com.openhtmltopdf.css-parse WARNING:: (https://cdn.jsdelivr.net/gh/extent-framework/extent-github-cdn@ce8b10435bcbae260c334c0d0c6b61d2c19b6168/spark/css/spark-style.css) not is not a valid function in this context at line 7. Skipping ruleset.
com.openhtmltopdf.css-parse WARNING:: (https://cdn.jsdelivr.net/gh/extent-framework/extent-github-cdn@ce8b10435bcbae260c334c0d0c6b61d2c19b6168/spark/css/spark-style.css) not is not a valid function in this context at line 7. Skipping ruleset.
com.openhtmltopdf.css-parse WARNING:: (https://cdn.jsdelivr.net/gh/extent-framework/extent-github-cdn@ce8b10435bcbae260c334c0d0c6b61d2c19b6168/spark/css/spark-style.css) box-shadow is an unrecognized CSS property at line 6. Ignoring declaration.
com.openhtmltopdf.css-parse WARNING:: (https://cdn.jsdelivr.net/gh/extent-framework/extent-github-cdn@ce8b10435bcbae260c334c0d0c6b61d2c19b6168/spark/css/spark-style.css) disabled is not a recognized pseudo-class at line 7. Skipping ruleset.
com.openhtmltopdf.css-parse WARNING:: (https://cdn.jsdelivr.net/gh/extent-framework/extent-github-cdn@ce8b10435bcbae260c334c0d0c6b61d2c19b6168/spark/css/spark-style.css) not is not a valid function in this context at line 7. Skipping ruleset.
com.openhtmltopdf.css-parse WARNING:: (https://cdn.jsdelivr.net/gh/extent-framework/extent-github-cdn@ce8b10435bcbae260c334c0d0c6b61d2c19b6168/spark/css/spark-style.css) not is not a valid function in this context at line 7. Skipping ruleset.
com.openhtmltopdf.css-parse WARNING:: (https://cdn.jsdelivr.net/gh/extent-framework/extent-github-cdn@ce8b10435bcbae260c334c0d0c6b61d2c19b6168/spark/css/spark-style.css) box-shadow is an unrecognized CSS property at line 6. Ignoring declaration.
com.openhtmltopdf.css-parse WARNING:: (https://cdn.jsdelivr.net/gh/extent-framework/extent-github-cdn@ce8b10435bcbae260c334c0d0c6b61d2c19b6168/spark/css/spark-style.css) disabled is not a recognized pseudo-class at line 7. Skipping ruleset.
com.openhtmltopdf.css-parse WARNING:: (https://cdn.jsdelivr.net/gh/extent-framework/extent-github-cdn@ce8b10435bcbae260c334c0d0c6b61d2c19b6168/spark/css/spark-style.css) not is not a valid function in this context at line 7. Skipping ruleset.
com.openhtmltopdf.css-parse WARNING:: (https://cdn.jsdelivr.net/gh/extent-framework/extent-github-cdn@ce8b10435bcbae260c334c0d0c6b61d2c19b6168/spark/css/spark-style.css) not is not a valid function in this context at line 7. Skipping ruleset.
com.openhtmltopdf.css-parse WARNING:: (https://cdn.jsdelivr.net/gh/extent-framework/extent-github-cdn@ce8b10435bcbae260c334c0d0c6b61d2c19b6168/spark/css/spark-style.css) box-shadow is an unrecognized CSS property at line 6. Ignoring declaration.
com.openhtmltopdf.css-parse WARNING:: (https://cdn.jsdelivr.net/gh/extent-framework/extent-github-cdn@ce8b10435bcbae260c334c0d0c6b61d2c19b6168/spark/css/spark-style.css) disabled is not a recognized pseudo-class at line 7. Skipping ruleset.
com.openhtmltopdf.css-parse WARNING:: (https://cdn.jsdelivr.net/gh/extent-framework/extent-github-cdn@ce8b10435bcbae260c334c0d0c6b61d2c19b6168/spark/css/spark-style.css) opacity is an unrecognized CSS property at line 6. Ignoring declaration.
com.openhtmltopdf.css-parse WARNING:: (https://cdn.jsdelivr.net/gh/extent-framework/extent-github-cdn@ce8b10435bcbae260c334c0d0c6b61d2c19b6168/spark/css/spark-style.css) transition is an unrecognized CSS property at line 6. Ignoring declaration.
[...]
com.openhtmltopdf.css-parse WARNING:: (https://cdn.jsdelivr.net/gh/extent-framework/extent-github-cdn@ce8b10435bcbae260c334c0d0c6b61d2c19b6168/spark/css/spark-style.css) Found an identifier where a { was expected at line 32. Skipping @media rule.
com.openhtmltopdf.css-parse WARNING:: (https://cdn.jsdelivr.net/gh/extent-framework/extent-github-cdn@ce8b10435bcbae260c334c0d0c6b61d2c19b6168/spark/css/spark-style.css) transition is an unrecognized CSS property at line 31. Ignoring declaration.
com.openhtmltopdf.css-parse WARNING:: (https://cdn.jsdelivr.net/gh/extent-framework/extent-github-cdn@ce8b10435bcbae260c334c0d0c6b61d2c19b6168/spark/css/spark-style.css) Unsupported CSS unit s at line 32. Skipping declaration.
com.openhtmltopdf.css-parse WARNING:: (https://cdn.jsdelivr.net/gh/extent-framework/extent-github-cdn@ce8b10435bcbae260c334c0d0c6b61d2c19b6168/spark/css/spark-style.css) -webkit-transition is an unrecognized CSS property at line 31. Ignoring declaration.
com.openhtmltopdf.css-parse WARNING:: (https://cdn.jsdelivr.net/gh/extent-framework/extent-github-cdn@ce8b10435bcbae260c334c0d0c6b61d2c19b6168/spark/css/spark-style.css) Unsupported CSS unit s at line 32. Skipping declaration.
com.openhtmltopdf.css-parse WARNING:: (https://cdn.jsdelivr.net/gh/extent-framework/extent-github-cdn@ce8b10435bcbae260c334c0d0c6b61d2c19b6168/spark/css/spark-style.css) -moz-transition is an unrecognized CSS property at line 31. Ignoring declaration.
com.openhtmltopdf.css-parse WARNING:: (https://cdn.jsdelivr.net/gh/extent-framework/extent-github-cdn@ce8b10435bcbae260c334c0d0c6b61d2c19b6168/spark/css/spark-style.css) Unsupported CSS unit s at line 32. Skipping declaration.
com.openhtmltopdf.css-parse WARNING:: (https://cdn.jsdelivr.net/gh/extent-framework/extent-github-cdn@ce8b10435bcbae260c334c0d0c6b61d2c19b6168/spark/css/spark-style.css) -o-transition is an unrecognized CSS property at line 31. Ignoring declaration.
com.openhtmltopdf.css-parse WARNING:: (https://cdn.jsdelivr.net/gh/extent-framework/extent-github-cdn@ce8b10435bcbae260c334c0d0c6b61d2c19b6168/spark/css/spark-style.css) Unsupported CSS unit s at line 32. Skipping declaration.
com.openhtmltopdf.css-parse WARNING:: (https://cdn.jsdelivr.net/gh/extent-framework/extent-github-cdn@ce8b10435bcbae260c334c0d0c6b61d2c19b6168/spark/css/spark-style.css) -ms-transition is an unrecognized CSS property at line 31. Ignoring declaration.
com.openhtmltopdf.css-parse WARNING:: (https://cdn.jsdelivr.net/gh/extent-framework/extent-github-cdn@ce8b10435bcbae260c334c0d0c6b61d2c19b6168/spark/css/spark-style.css) Unsupported CSS unit s at line 32. Skipping declaration.
com.openhtmltopdf.css-parse WARNING:: (https://cdn.jsdelivr.net/gh/extent-framework/extent-github-cdn@ce8b10435bcbae260c334c0d0c6b61d2c19b6168/spark/css/spark-style.css) overflow-y is an unrecognized CSS property at line 31. Ignoring declaration.
com.openhtmltopdf.css-parse WARNING:: (https://cdn.jsdelivr.net/gh/extent-framework/extent-github-cdn@ce8b10435bcbae260c334c0d0c6b61d2c19b6168/spark/css/spark-style.css) transition is an unrecognized CSS property at line 31. Ignoring declaration.
com.openhtmltopdf.css-parse WARNING:: (https://cdn.jsdelivr.net/gh/extent-framework/extent-github-cdn@ce8b10435bcbae260c334c0d0c6b61d2c19b6168/spark/css/spark-style.css) Unsupported CSS unit s at line 32. Skipping declaration.
com.openhtmltopdf.css-parse WARNING:: (https://cdn.jsdelivr.net/gh/extent-framework/extent-github-cdn@ce8b10435bcbae260c334c0d0c6b61d2c19b6168/spark/css/spark-style.css) -webkit-transition is an unrecognized CSS property at line 31. Ignoring declaration.
com.openhtmltopdf.css-parse WARNING:: (https://cdn.jsdelivr.net/gh/extent-framework/extent-github-cdn@ce8b10435bcbae260c334c0d0c6b61d2c19b6168/spark/css/spark-style.css) Unsupported CSS unit s at line 32. Skipping declaration.
com.openhtmltopdf.css-parse WARNING:: (https://cdn.jsdelivr.net/gh/extent-framework/extent-github-cdn@ce8b10435bcbae260c334c0d0c6b61d2c19b6168/spark/css/spark-style.css) -moz-transition is an unrecognized CSS property at line 31. Ignoring declaration.
com.openhtmltopdf.css-parse WARNING:: (https://cdn.jsdelivr.net/gh/extent-framework/extent-github-cdn@ce8b10435bcbae260c334c0d0c6b61d2c19b6168/spark/css/spark-style.css) Unsupported CSS unit s at line 32. Skipping declaration.
com.openhtmltopdf.css-parse WARNING:: (https://cdn.jsdelivr.net/gh/extent-framework/extent-github-cdn@ce8b10435bcbae260c334c0d0c6b61d2c19b6168/spark/css/spark-style.css) -o-transition is an unrecognized CSS property at line 31. Ignoring declaration.
com.openhtmltopdf.css-parse WARNING:: (https://cdn.jsdelivr.net/gh/extent-framework/extent-github-cdn@ce8b10435bcbae260c334c0d0c6b61d2c19b6168/spark/css/spark-style.css) Unsupported CSS unit s at line 32. Skipping declaration.
com.openhtmltopdf.css-parse WARNING:: (https://cdn.jsdelivr.net/gh/extent-framework/extent-github-cdn@ce8b10435bcbae260c334c0d0c6b61d2c19b6168/spark/css/spark-style.css) -ms-transition is an unrecognized CSS property at line 31. Ignoring declaration.
com.openhtmltopdf.css-parse WARNING:: (https://cdn.jsdelivr.net/gh/extent-framework/extent-github-cdn@ce8b10435bcbae260c334c0d0c6b61d2c19b6168/spark/css/spark-style.css) Unsupported CSS unit s at line 32. Skipping declaration.
com.openhtmltopdf.css-parse WARNING:: (https://cdn.jsdelivr.net/gh/extent-framework/extent-github-cdn@ce8b10435bcbae260c334c0d0c6b61d2c19b6168/spark/css/spark-style.css) Found an identifier where a { was expected at line 32. Skipping @media rule.
com.openhtmltopdf.css-parse WARNING:: (https://cdn.jsdelivr.net/gh/extent-framework/extent-github-cdn@ce8b10435bcbae260c334c0d0c6b61d2c19b6168/spark/css/spark-style.css) Unsupported CSS unit vh at line 32. Skipping declaration.
com.openhtmltopdf.css-parse WARNING:: (https://cdn.jsdelivr.net/gh/extent-framework/extent-github-cdn@ce8b10435bcbae260c334c0d0c6b61d2c19b6168/spark/css/spark-style.css) Ident auto is an invalid or unsupported value for overflow at line 32. Skipping declaration.
com.openhtmltopdf.css-parse WARNING:: (https://cdn.jsdelivr.net/gh/extent-framework/extent-github-cdn@ce8b10435bcbae260c334c0d0c6b61d2c19b6168/spark/css/spark-style.css) transition is an unrecognized CSS property at line 31. Ignoring declaration.
com.openhtmltopdf.css-parse WARNING:: (https://cdn.jsdelivr.net/gh/extent-framework/extent-github-cdn@ce8b10435bcbae260c334c0d0c6b61d2c19b6168/spark/css/spark-style.css) Unsupported CSS unit s at line 32. Skipping declaration.
com.openhtmltopdf.css-parse WARNING:: (https://cdn.jsdelivr.net/gh/extent-framework/extent-github-cdn@ce8b10435bcbae260c334c0d0c6b61d2c19b6168/spark/css/spark-style.css) -webkit-transition is an unrecognized CSS property at line 31. Ignoring declaration.
com.openhtmltopdf.css-parse WARNING:: (https://cdn.jsdelivr.net/gh/extent-framework/extent-github-cdn@ce8b10435bcbae260c334c0d0c6b61d2c19b6168/spark/css/spark-style.css) Unsupported CSS unit s at line 32. Skipping declaration.
com.openhtmltopdf.css-parse WARNING:: (https://cdn.jsdelivr.net/gh/extent-framework/extent-github-cdn@ce8b10435bcbae260c334c0d0c6b61d2c19b6168/spark/css/spark-style.css) -moz-transition is an unrecognized CSS property at line 31. Ignoring declaration.
com.openhtmltopdf.css-parse WARNING:: (https://cdn.jsdelivr.net/gh/extent-framework/extent-github-cdn@ce8b10435bcbae260c334c0d0c6b61d2c19b6168/spark/css/spark-style.css) Unsupported CSS unit s at line 32. Skipping declaration.
com.openhtmltopdf.css-parse WARNING:: (https://cdn.jsdelivr.net/gh/extent-framework/extent-github-cdn@ce8b10435bcbae260c334c0d0c6b61d2c19b6168/spark/css/spark-style.css) -o-transition is an unrecognized CSS property at line 31. Ignoring declaration.
com.openhtmltopdf.css-parse WARNING:: (https://cdn.jsdelivr.net/gh/extent-framework/extent-github-cdn@ce8b10435bcbae260c334c0d0c6b61d2c19b6168/spark/css/spark-style.css) Unsupported CSS unit s at line 32. Skipping declaration.
com.openhtmltopdf.css-parse WARNING:: (https://cdn.jsdelivr.net/gh/extent-framework/extent-github-cdn@ce8b10435bcbae260c334c0d0c6b61d2c19b6168/spark/css/spark-style.css) -ms-transition is an unrecognized CSS property at line 31. Ignoring declaration.
com.openhtmltopdf.css-parse WARNING:: (https://cdn.jsdelivr.net/gh/extent-framework/extent-github-cdn@ce8b10435bcbae260c334c0d0c6b61d2c19b6168/spark/css/spark-style.css) Unsupported CSS unit s at line 32. Skipping declaration.
com.openhtmltopdf.css-parse WARNING:: (https://cdn.jsdelivr.net/gh/extent-framework/extent-github-cdn@ce8b10435bcbae260c334c0d0c6b61d2c19b6168/spark/css/spark-style.css) Found an identifier where a { was expected at line 32. Skipping @media rule.
com.openhtmltopdf.css-parse WARNING:: (https://cdn.jsdelivr.net/gh/extent-framework/extent-github-cdn@ce8b10435bcbae260c334c0d0c6b61d2c19b6168/spark/css/spark-style.css) Found an identifier where a { was expected at line 32. Skipping @media rule.
com.openhtmltopdf.css-parse WARNING:: (https://cdn.jsdelivr.net/gh/extent-framework/extent-github-cdn@ce8b10435bcbae260c334c0d0c6b61d2c19b6168/spark/css/spark-style.css) Found an identifier where a { was expected at line 32. Skipping @media rule.
com.openhtmltopdf.css-parse WARNING:: (https://cdn.jsdelivr.net/gh/extent-framework/extent-github-cdn@ce8b10435bcbae260c334c0d0c6b61d2c19b6168/spark/css/spark-style.css) Unsupported CSS unit vh at line 32. Skipping declaration.
com.openhtmltopdf.css-parse WARNING:: (https://cdn.jsdelivr.net/gh/extent-framework/extent-github-cdn@ce8b10435bcbae260c334c0d0c6b61d2c19b6168/spark/css/spark-style.css) Found an identifier where a { was expected at line 32. Skipping @media rule.
com.openhtmltopdf.css-parse WARNING:: (https://cdn.jsdelivr.net/gh/extent-framework/extent-github-cdn@ce8b10435bcbae260c334c0d0c6b61d2c19b6168/spark/css/spark-style.css) Found an identifier where a { was expected at line 32. Skipping @media rule.
com.openhtmltopdf.css-parse WARNING:: (https://cdn.jsdelivr.net/gh/extent-framework/extent-github-cdn@ce8b10435bcbae260c334c0d0c6b61d2c19b6168/spark/css/spark-style.css) word-break is an unrecognized CSS property at line 41. Ignoring declaration.
com.openhtmltopdf.css-parse WARNING:: (https://cdn.jsdelivr.net/gh/extent-framework/extent-github-cdn@ce8b10435bcbae260c334c0d0c6b61d2c19b6168/spark/css/spark-style.css) word-break is an unrecognized CSS property at line 49. Ignoring declaration.
com.openhtmltopdf.css-parse WARNING:: (https://cdn.jsdelivr.net/gh/extent-framework/extent-github-cdn@ce8b10435bcbae260c334c0d0c6b61d2c19b6168/spark/css/spark-style.css) Unsupported CSS unit vh at line 106. Skipping declaration.
com.openhtmltopdf.css-parse WARNING:: (https://cdn.jsdelivr.net/gh/extent-framework/extent-github-cdn@ce8b10435bcbae260c334c0d0c6b61d2c19b6168/spark/css/spark-style.css) Unsupported CSS unit vh at line 107. Skipping declaration.
com.openhtmltopdf.css-parse WARNING:: (https://cdn.jsdelivr.net/gh/extent-framework/extent-github-cdn@ce8b10435bcbae260c334c0d0c6b61d2c19b6168/spark/css/spark-style.css) Unsupported CSS unit vh at line 113. Skipping declaration.
com.openhtmltopdf.css-parse WARNING:: (https://cdn.jsdelivr.net/gh/extent-framework/extent-github-cdn@ce8b10435bcbae260c334c0d0c6b61d2c19b6168/spark/css/spark-style.css) word-break is an unrecognized CSS property at line 192. Ignoring declaration.
com.openhtmltopdf.css-parse WARNING:: (https://cdn.jsdelivr.net/gh/extent-framework/extent-github-cdn@ce8b10435bcbae260c334c0d0c6b61d2c19b6168/spark/css/spark-style.css) Value for min-height must be a length or percentage at line 275. Skipping declaration.
com.openhtmltopdf.css-parse WARNING:: (https://cdn.jsdelivr.net/gh/extent-framework/extent-github-cdn@ce8b10435bcbae260c334c0d0c6b61d2c19b6168/spark/css/spark-style.css) rgba(0,0,0,.125) is not a border width, style, or color at line 288. Skipping declaration.
com.openhtmltopdf.css-parse WARNING:: (https://cdn.jsdelivr.net/gh/extent-framework/extent-github-cdn@ce8b10435bcbae260c334c0d0c6b61d2c19b6168/spark/css/spark-style.css) resize is an unrecognized CSS property at line 321. Ignoring declaration.
com.openhtmltopdf.css-parse WARNING:: (https://cdn.jsdelivr.net/gh/extent-framework/extent-github-cdn@ce8b10435bcbae260c334c0d0c6b61d2c19b6168/spark/css/spark-style.css) Value for background-color must be an identifier or a color at line 420. Skipping declaration.
com.openhtmltopdf.css-parse WARNING:: (https://cdn.jsdelivr.net/gh/extent-framework/extent-github-cdn@ce8b10435bcbae260c334c0d0c6b61d2c19b6168/spark/css/spark-style.css) Value for background-color must be an identifier or a color at line 426. Skipping declaration.
com.openhtmltopdf.css-parse WARNING:: (https://cdn.jsdelivr.net/gh/extent-framework/extent-github-cdn@ce8b10435bcbae260c334c0d0c6b61d2c19b6168/spark/css/spark-style.css) Value for background-color must be an identifier or a color at line 432. Skipping declaration.
com.openhtmltopdf.css-parse WARNING:: (https://cdn.jsdelivr.net/gh/extent-framework/extent-github-cdn@ce8b10435bcbae260c334c0d0c6b61d2c19b6168/spark/css/spark-style.css) nth-of-type is not a valid function in this context at line 521. Skipping ruleset.
com.openhtmltopdf.css-parse WARNING:: (https://cdn.jsdelivr.net/gh/extent-framework/extent-github-cdn@ce8b10435bcbae260c334c0d0c6b61d2c19b6168/spark/css/spark-style.css) Found an identifier where a { was expected at line 538. Skipping @media rule.
com.openhtmltopdf.css-parse WARNING:: (https://cdn.jsdelivr.net/gh/extent-framework/extent-github-cdn@ce8b10435bcbae260c334c0d0c6b61d2c19b6168/spark/css/spark-style.css) Found an identifier where a { was expected at line 549. Skipping @media rule.
com.openhtmltopdf.load INFO:: Requesting stylesheet: https://stackpath.bootstrapcdn.com/font-awesome/4.7.0/css/font-awesome.min.css
com.openhtmltopdf.css-parse WARNING:: (https://stackpath.bootstrapcdn.com/font-awesome/4.7.0/css/font-awesome.min.css) text-rendering is an unrecognized CSS property at line 3. Ignoring declaration.
com.openhtmltopdf.css-parse WARNING:: (https://stackpath.bootstrapcdn.com/font-awesome/4.7.0/css/font-awesome.min.css) -webkit-font-smoothing is an unrecognized CSS property at line 3. Ignoring declaration.
com.openhtmltopdf.css-parse WARNING:: (https://stackpath.bootstrapcdn.com/font-awesome/4.7.0/css/font-awesome.min.css) -moz-osx-font-smoothing is an unrecognized CSS property at line 3. Ignoring declaration.
com.openhtmltopdf.css-parse WARNING:: (https://stackpath.bootstrapcdn.com/font-awesome/4.7.0/css/font-awesome.min.css) -webkit-animation is an unrecognized CSS property at line 3. Ignoring declaration.
com.openhtmltopdf.css-parse WARNING:: (https://stackpath.bootstrapcdn.com/font-awesome/4.7.0/css/font-awesome.min.css) Unsupported CSS unit s at line 4. Skipping declaration.
com.openhtmltopdf.css-parse WARNING:: (https://stackpath.bootstrapcdn.com/font-awesome/4.7.0/css/font-awesome.min.css) animation is an unrecognized CSS property at line 3. Ignoring declaration.
com.openhtmltopdf.css-parse WARNING:: (https://stackpath.bootstrapcdn.com/font-awesome/4.7.0/css/font-awesome.min.css) Unsupported CSS unit s at line 4. Skipping declaration.
com.openhtmltopdf.css-parse WARNING:: (https://stackpath.bootstrapcdn.com/font-awesome/4.7.0/css/font-awesome.min.css) -webkit-animation is an unrecognized CSS property at line 3. Ignoring declaration.
com.openhtmltopdf.css-parse WARNING:: (https://stackpath.bootstrapcdn.com/font-awesome/4.7.0/css/font-awesome.min.css) Unsupported CSS unit s at line 4. Skipping declaration.
com.openhtmltopdf.css-parse WARNING:: (https://stackpath.bootstrapcdn.com/font-awesome/4.7.0/css/font-awesome.min.css) animation is an unrecognized CSS property at line 3. Ignoring declaration.
com.openhtmltopdf.css-parse WARNING:: (https://stackpath.bootstrapcdn.com/font-awesome/4.7.0/css/font-awesome.min.css) Unsupported CSS unit s at line 4. Skipping declaration.
com.openhtmltopdf.css-parse WARNING:: (https://stackpath.bootstrapcdn.com/font-awesome/4.7.0/css/font-awesome.min.css) Invalid at-rule at line 4. Skipping at-rule.
com.openhtmltopdf.css-parse WARNING:: (https://stackpath.bootstrapcdn.com/font-awesome/4.7.0/css/font-awesome.min.css) Found at rule where one of a hex color, ., [, or : was expected at line 4. Skipping ruleset.
com.openhtmltopdf.css-parse WARNING:: (https://stackpath.bootstrapcdn.com/font-awesome/4.7.0/css/font-awesome.min.css) -ms-filter is an unrecognized CSS property at line 3. Ignoring declaration.
com.openhtmltopdf.css-parse WARNING:: (https://stackpath.bootstrapcdn.com/font-awesome/4.7.0/css/font-awesome.min.css) -webkit-transform is an unrecognized CSS property at line 3. Ignoring declaration.
com.openhtmltopdf.css-parse WARNING:: (https://stackpath.bootstrapcdn.com/font-awesome/4.7.0/css/font-awesome.min.css) -ms-transform is an unrecognized CSS property at line 3. Ignoring declaration.
com.openhtmltopdf.css-parse WARNING:: (https://stackpath.bootstrapcdn.com/font-awesome/4.7.0/css/font-awesome.min.css) -ms-filter is an unrecognized CSS property at line 3. Ignoring declaration.
com.openhtmltopdf.css-parse WARNING:: (https://stackpath.bootstrapcdn.com/font-awesome/4.7.0/css/font-awesome.min.css) -webkit-transform is an unrecognized CSS property at line 3. Ignoring declaration.
com.openhtmltopdf.css-parse WARNING:: (https://stackpath.bootstrapcdn.com/font-awesome/4.7.0/css/font-awesome.min.css) -ms-transform is an unrecognized CSS property at line 3. Ignoring declaration.
com.openhtmltopdf.css-parse WARNING:: (https://stackpath.bootstrapcdn.com/font-awesome/4.7.0/css/font-awesome.min.css) -ms-filter is an unrecognized CSS property at line 3. Ignoring declaration.
com.openhtmltopdf.css-parse WARNING:: (https://stackpath.bootstrapcdn.com/font-awesome/4.7.0/css/font-awesome.min.css) -webkit-transform is an unrecognized CSS property at line 3. Ignoring declaration.
com.openhtmltopdf.css-parse WARNING:: (https://stackpath.bootstrapcdn.com/font-awesome/4.7.0/css/font-awesome.min.css) -ms-transform is an unrecognized CSS property at line 3. Ignoring declaration.
com.openhtmltopdf.css-parse WARNING:: (https://stackpath.bootstrapcdn.com/font-awesome/4.7.0/css/font-awesome.min.css) -ms-filter is an unrecognized CSS property at line 3. Ignoring declaration.
com.openhtmltopdf.css-parse WARNING:: (https://stackpath.bootstrapcdn.com/font-awesome/4.7.0/css/font-awesome.min.css) -webkit-transform is an unrecognized CSS property at line 3. Ignoring declaration.
com.openhtmltopdf.css-parse WARNING:: (https://stackpath.bootstrapcdn.com/font-awesome/4.7.0/css/font-awesome.min.css) -ms-transform is an unrecognized CSS property at line 3. Ignoring declaration.
com.openhtmltopdf.css-parse WARNING:: (https://stackpath.bootstrapcdn.com/font-awesome/4.7.0/css/font-awesome.min.css) -ms-filter is an unrecognized CSS property at line 3. Ignoring declaration.
com.openhtmltopdf.css-parse WARNING:: (https://stackpath.bootstrapcdn.com/font-awesome/4.7.0/css/font-awesome.min.css) -webkit-transform is an unrecognized CSS property at line 3. Ignoring declaration.
com.openhtmltopdf.css-parse WARNING:: (https://stackpath.bootstrapcdn.com/font-awesome/4.7.0/css/font-awesome.min.css) -ms-transform is an unrecognized CSS property at line 3. Ignoring declaration.
com.openhtmltopdf.css-parse WARNING:: (https://stackpath.bootstrapcdn.com/font-awesome/4.7.0/css/font-awesome.min.css) root is not a recognized pseudo-class at line 4. Skipping ruleset.
com.openhtmltopdf.css-parse WARNING:: (https://stackpath.bootstrapcdn.com/font-awesome/4.7.0/css/font-awesome.min.css) clip is not implemented at line 3. Ignoring declaration.
com.openhtmltopdf.css-parse WARNING:: (https://stackpath.bootstrapcdn.com/font-awesome/4.7.0/css/font-awesome.min.css) clip is not implemented at line 3. Ignoring declaration.
com.openhtmltopdf.match INFO:: Matcher created with 4128 selectors
com.openhtmltopdf.load INFO:: Loading font(FontAwesome) from InputStream supplier now.
com.openhtmltopdf.general INFO:: Using fast-mode renderer. Prepare to fly.
]]></system-err>
  </testcase>
</testsuite>