<?xml version="1.0" encoding="UTF-8"?>
<testng-results ignored="0" total="1" passed="1" failed="0" skipped="0">
  <reporter-output>
  </reporter-output>
  <suite started-at="2025-09-03T21:23:36 IST" name="Default suite" finished-at="2025-09-03T21:23:59 IST" duration-ms="23263">
    <groups>
      <group name="cucumber">
        <method signature="AbstractTestNGCucumberTests.runScenario(io.cucumber.testng.PickleWrapper,io.cucumber.testng.FeatureWrapper)[pri:0, instance:com.transtreme.framework.runners.TestRunner@77825085]" name="runScenario" class="io.cucumber.testng.AbstractTestNGCucumberTests"/>
      </group> <!-- cucumber -->
    </groups>
    <test started-at="2025-09-03T21:23:36 IST" name="Default test" finished-at="2025-09-03T21:23:59 IST" duration-ms="23263">
      <class name="com.transtreme.framework.runners.TestRunner">
        <test-method is-config="true" signature="setUpClass(org.testng.ITestContext)[pri:0, instance:com.transtreme.framework.runners.TestRunner@77825085]" started-at="2025-09-03T21:23:36 IST" name="setUpClass" finished-at="2025-09-03T21:23:37 IST" duration-ms="806" status="PASS">
          <params>
            <param index="0">
              <value>
                <![CDATA[org.testng.TestRunner@2d705998]]>
              </value>
            </param>
          </params>
          <reporter-output>
          </reporter-output>
        </test-method> <!-- setUpClass -->
        <test-method signature="runScenario(io.cucumber.testng.PickleWrapper,io.cucumber.testng.FeatureWrapper)[pri:0, instance:com.transtreme.framework.runners.TestRunner@77825085]" started-at="2025-09-03T21:23:37 IST" name="runScenario" description="Runs Cucumber Scenarios" data-provider="scenarios" finished-at="2025-09-03T21:23:58 IST" duration-ms="21387" status="PASS">
          <params>
            <param index="0">
              <value>
                <![CDATA["Successful login to dashboard"]]>
              </value>
            </param>
            <param index="1">
              <value>
                <![CDATA["Login to Transtreme_stage"]]>
              </value>
            </param>
          </params>
          <reporter-output>
          </reporter-output>
        </test-method> <!-- runScenario -->
        <test-method is-config="true" signature="tearDownClass()[pri:0, instance:com.transtreme.framework.runners.TestRunner@77825085]" started-at="2025-09-03T21:23:58 IST" name="tearDownClass" finished-at="2025-09-03T21:23:59 IST" duration-ms="1030" status="PASS">
          <reporter-output>
          </reporter-output>
        </test-method> <!-- tearDownClass -->
      </class> <!-- com.transtreme.framework.runners.TestRunner -->
    </test> <!-- Default test -->
  </suite> <!-- Default suite -->
</testng-results>
